{"/home/travis/build/npmtest/node-npmtest-beefy/test.js":{"path":"/home/travis/build/npmtest/node-npmtest-beefy/test.js","s":{"1":2,"2":2,"3":2,"4":2,"5":2,"6":2,"7":2,"8":1,"9":2,"10":2,"11":1,"12":1,"13":1,"14":1,"15":2,"16":2,"17":2,"18":2,"19":1,"20":1,"21":2,"22":2,"23":2,"24":1,"25":1,"26":1,"27":1,"28":1,"29":1,"30":1,"31":1,"32":1,"33":1,"34":1,"35":1,"36":1,"37":2,"38":2,"39":1,"40":2,"41":2,"42":1,"43":2,"44":2,"45":1,"46":2,"47":2,"48":1,"49":1,"50":1,"51":1,"52":1},"b":{"1":[2,1,1,1],"2":[1,1,1,1],"3":[1,1],"4":[1,1],"5":[1,1],"6":[1,1],"7":[1,1],"8":[1,1],"9":[1,1,1],"10":[1,1],"11":[1,1],"12":[1,1],"13":[1,1],"14":[1,1],"15":[1,1],"16":[1,1]},"f":{"1":2,"2":2,"3":2,"4":2,"5":2,"6":1,"7":1,"8":2,"9":2,"10":2,"11":2,"12":1},"fnMap":{"1":{"name":"(anonymous_1)","line":12,"loc":{"start":{"line":12,"column":1},"end":{"line":12,"column":13}}},"2":{"name":"(anonymous_2)","line":19,"loc":{"start":{"line":19,"column":5},"end":{"line":19,"column":17}}},"3":{"name":"(anonymous_3)","line":23,"loc":{"start":{"line":23,"column":24},"end":{"line":23,"column":36}}},"4":{"name":"(anonymous_4)","line":61,"loc":{"start":{"line":61,"column":5},"end":{"line":61,"column":17}}},"5":{"name":"(anonymous_5)","line":82,"loc":{"start":{"line":82,"column":5},"end":{"line":82,"column":17}}},"6":{"name":"(anonymous_6)","line":102,"loc":{"start":{"line":102,"column":83},"end":{"line":105,"column":10}},"skip":true},"7":{"name":"(anonymous_7)","line":113,"loc":{"start":{"line":113,"column":77},"end":{"line":116,"column":10}},"skip":true},"8":{"name":"(anonymous_8)","line":129,"loc":{"start":{"line":129,"column":12},"end":{"line":129,"column":40}},"skip":true},"9":{"name":"(anonymous_9)","line":137,"loc":{"start":{"line":137,"column":77},"end":{"line":140,"column":10}},"skip":true},"10":{"name":"(anonymous_10)","line":148,"loc":{"start":{"line":148,"column":83},"end":{"line":151,"column":10}},"skip":true},"11":{"name":"(anonymous_11)","line":159,"loc":{"start":{"line":159,"column":79},"end":{"line":162,"column":10}},"skip":true},"12":{"name":"(anonymous_12)","line":170,"loc":{"start":{"line":170,"column":75},"end":{"line":173,"column":10}},"skip":true}},"statementMap":{"1":{"start":{"line":12,"column":0},"end":{"line":185,"column":5}},"2":{"start":{"line":14,"column":4},"end":{"line":14,"column":14}},"3":{"start":{"line":19,"column":4},"end":{"line":56,"column":9}},"4":{"start":{"line":21,"column":8},"end":{"line":21,"column":19}},"5":{"start":{"line":23,"column":8},"end":{"line":35,"column":13}},"6":{"start":{"line":24,"column":12},"end":{"line":34,"column":13}},"7":{"start":{"line":25,"column":16},"end":{"line":28,"column":30}},"8":{"start":{"line":30,"column":16},"end":{"line":33,"column":27}},"9":{"start":{"line":37,"column":8},"end":{"line":39,"column":21}},"10":{"start":{"line":40,"column":8},"end":{"line":53,"column":9}},"11":{"start":{"line":43,"column":12},"end":{"line":46,"column":14}},"12":{"start":{"line":47,"column":12},"end":{"line":47,"column":18}},"13":{"start":{"line":50,"column":12},"end":{"line":51,"column":46}},"14":{"start":{"line":52,"column":12},"end":{"line":52,"column":18}},"15":{"start":{"line":55,"column":8},"end":{"line":55,"column":35}},"16":{"start":{"line":61,"column":4},"end":{"line":63,"column":9}},"17":{"start":{"line":62,"column":8},"end":{"line":62,"column":15}},"18":{"start":{"line":64,"column":4},"end":{"line":77,"column":5}},"19":{"start":{"line":70,"column":8},"end":{"line":70,"column":14}},"20":{"start":{"line":76,"column":8},"end":{"line":76,"column":14}},"21":{"start":{"line":82,"column":4},"end":{"line":84,"column":9}},"22":{"start":{"line":83,"column":8},"end":{"line":83,"column":15}},"23":{"start":{"line":85,"column":4},"end":{"line":184,"column":5}},"24":{"start":{"line":92,"column":8},"end":{"line":94,"column":63}},"25":{"start":{"line":95,"column":8},"end":{"line":95,"column":14}},"26":{"start":{"line":102,"column":8},"end":{"line":111,"column":10},"skip":true},"27":{"start":{"line":109,"column":12},"end":{"line":109,"column":55},"skip":true},"28":{"start":{"line":110,"column":12},"end":{"line":110,"column":48},"skip":true},"29":{"start":{"line":113,"column":8},"end":{"line":126,"column":10},"skip":true},"30":{"start":{"line":120,"column":12},"end":{"line":120,"column":76},"skip":true},"31":{"start":{"line":121,"column":12},"end":{"line":121,"column":73},"skip":true},"32":{"start":{"line":122,"column":12},"end":{"line":122,"column":74},"skip":true},"33":{"start":{"line":123,"column":12},"end":{"line":123,"column":79},"skip":true},"34":{"start":{"line":124,"column":12},"end":{"line":124,"column":25},"skip":true},"35":{"start":{"line":125,"column":12},"end":{"line":125,"column":45},"skip":true},"36":{"start":{"line":128,"column":8},"end":{"line":135,"column":14},"skip":true},"37":{"start":{"line":133,"column":16},"end":{"line":133,"column":29},"skip":true},"38":{"start":{"line":134,"column":16},"end":{"line":134,"column":55},"skip":true},"39":{"start":{"line":137,"column":8},"end":{"line":146,"column":10},"skip":true},"40":{"start":{"line":144,"column":12},"end":{"line":144,"column":25},"skip":true},"41":{"start":{"line":145,"column":12},"end":{"line":145,"column":45},"skip":true},"42":{"start":{"line":148,"column":8},"end":{"line":157,"column":10},"skip":true},"43":{"start":{"line":155,"column":12},"end":{"line":155,"column":25},"skip":true},"44":{"start":{"line":156,"column":12},"end":{"line":156,"column":48},"skip":true},"45":{"start":{"line":159,"column":8},"end":{"line":168,"column":10},"skip":true},"46":{"start":{"line":166,"column":12},"end":{"line":166,"column":25},"skip":true},"47":{"start":{"line":167,"column":12},"end":{"line":167,"column":46},"skip":true},"48":{"start":{"line":170,"column":8},"end":{"line":179,"column":10},"skip":true},"49":{"start":{"line":177,"column":12},"end":{"line":177,"column":94},"skip":true},"50":{"start":{"line":178,"column":12},"end":{"line":178,"column":48},"skip":true},"51":{"start":{"line":182,"column":8},"end":{"line":182,"column":35},"skip":true},"52":{"start":{"line":183,"column":8},"end":{"line":183,"column":14},"skip":true}},"branchMap":{"1":{"line":25,"type":"binary-expr","locations":[{"start":{"line":25,"column":23},"end":{"line":25,"column":62}},{"start":{"line":26,"column":20},"end":{"line":26,"column":70}},{"start":{"line":27,"column":20},"end":{"line":27,"column":71}},{"start":{"line":28,"column":20},"end":{"line":28,"column":29}}]},"2":{"line":30,"type":"binary-expr","locations":[{"start":{"line":30,"column":23},"end":{"line":30,"column":37}},{"start":{"line":31,"column":20},"end":{"line":31,"column":61}},{"start":{"line":32,"column":20},"end":{"line":32,"column":70}},{"start":{"line":33,"column":20},"end":{"line":33,"column":26}}]},"3":{"line":37,"type":"cond-expr","locations":[{"start":{"line":38,"column":14},"end":{"line":38,"column":20}},{"start":{"line":39,"column":14},"end":{"line":39,"column":20}}]},"4":{"line":40,"type":"switch","locations":[{"start":{"line":42,"column":8},"end":{"line":47,"column":18}},{"start":{"line":49,"column":8},"end":{"line":52,"column":18}}]},"5":{"line":44,"type":"binary-expr","locations":[{"start":{"line":44,"column":16},"end":{"line":44,"column":44}},{"start":{"line":44,"column":48},"end":{"line":44,"column":66}}]},"6":{"line":50,"type":"binary-expr","locations":[{"start":{"line":50,"column":21},"end":{"line":50,"column":49}},{"start":{"line":50,"column":53},"end":{"line":50,"column":72}}]},"7":{"line":64,"type":"switch","locations":[{"start":{"line":69,"column":4},"end":{"line":70,"column":14}},{"start":{"line":75,"column":4},"end":{"line":76,"column":14}}]},"8":{"line":85,"type":"switch","locations":[{"start":{"line":90,"column":4},"end":{"line":95,"column":14}},{"start":{"line":101,"column":4},"end":{"line":183,"column":14},"skip":true}]},"9":{"line":92,"type":"binary-expr","locations":[{"start":{"line":92,"column":18},"end":{"line":92,"column":32}},{"start":{"line":93,"column":12},"end":{"line":93,"column":53}},{"start":{"line":94,"column":12},"end":{"line":94,"column":61}}]},"10":{"line":102,"type":"binary-expr","locations":[{"start":{"line":102,"column":45},"end":{"line":102,"column":79},"skip":true},{"start":{"line":102,"column":83},"end":{"line":111,"column":9},"skip":true}]},"11":{"line":113,"type":"binary-expr","locations":[{"start":{"line":113,"column":42},"end":{"line":113,"column":73},"skip":true},{"start":{"line":113,"column":77},"end":{"line":126,"column":9},"skip":true}]},"12":{"line":128,"type":"binary-expr","locations":[{"start":{"line":128,"column":48},"end":{"line":128,"column":85},"skip":true},{"start":{"line":129,"column":12},"end":{"line":135,"column":13},"skip":true}]},"13":{"line":137,"type":"binary-expr","locations":[{"start":{"line":137,"column":42},"end":{"line":137,"column":73},"skip":true},{"start":{"line":137,"column":77},"end":{"line":146,"column":9},"skip":true}]},"14":{"line":148,"type":"binary-expr","locations":[{"start":{"line":148,"column":45},"end":{"line":148,"column":79},"skip":true},{"start":{"line":148,"column":83},"end":{"line":157,"column":9},"skip":true}]},"15":{"line":159,"type":"binary-expr","locations":[{"start":{"line":159,"column":43},"end":{"line":159,"column":75},"skip":true},{"start":{"line":159,"column":79},"end":{"line":168,"column":9},"skip":true}]},"16":{"line":170,"type":"binary-expr","locations":[{"start":{"line":170,"column":41},"end":{"line":170,"column":71},"skip":true},{"start":{"line":170,"column":75},"end":{"line":179,"column":9},"skip":true}]}},"code":["/* istanbul instrument in package npmtest_beefy */","/*jslint","    bitwise: true,","    browser: true,","    maxerr: 8,","    maxlen: 96,","    node: true,","    nomen: true,","    regexp: true,","    stupid: true","*/","(function () {","    'use strict';","    var local;","","","","    // run shared js-env code - pre-init","    (function () {","        // init local","        local = {};","        // init modeJs","        local.modeJs = (function () {","            try {","                return typeof navigator.userAgent === 'string' &&","                    typeof document.querySelector('body') === 'object' &&","                    typeof XMLHttpRequest.prototype.open === 'function' &&","                    'browser';","            } catch (errorCaughtBrowser) {","                return module.exports &&","                    typeof process.versions.node === 'string' &&","                    typeof require('http').createServer === 'function' &&","                    'node';","            }","        }());","        // init global","        local.global = local.modeJs === 'browser'","            ? window","            : global;","        switch (local.modeJs) {","        // re-init local from window.local","        case 'browser':","            local = local.global.utility2.objectSetDefault(","                local.global.utility2_rollup || local.global.local,","                local.global.utility2","            );","            break;","        // re-init local from example.js","        case 'node':","            local = (local.global.utility2_rollup || require('utility2'))","                .requireExampleJsFromReadme();","            break;","        }","        // export local","        local.global.local = local;","    }());","","","","    // run shared js-env code - function","    (function () {","        return;","    }());","    switch (local.modeJs) {","","","","    // run browser js-env code - function","    case 'browser':","        break;","","","","    // run node js-env code - function","    case 'node':","        break;","    }","","","","    // run shared js-env code - post-init","    (function () {","        return;","    }());","    switch (local.modeJs) {","","","","    // run browser js-env code - post-init","    case 'browser':","        // run tests","        local.nop(local.modeTest &&","            document.querySelector('#testRunButton1') &&","            document.querySelector('#testRunButton1').click());","        break;","","","","    // run node js-env code - post-init","    /* istanbul ignore next */","    case 'node':","        local.testCase_buildApidoc_default = local.testCase_buildApidoc_default || function (","            options,","            onError","        ) {","        /*","         * this function will test buildApidoc's default handling-behavior-behavior","         */","            options = { modulePathList: module.paths };","            local.buildApidoc(options, onError);","        };","","        local.testCase_buildApp_default = local.testCase_buildApp_default || function (","            options,","            onError","        ) {","        /*","         * this function will test buildApp's default handling-behavior-behavior","         */","            local.testCase_buildReadme_default(options, local.onErrorThrow);","            local.testCase_buildLib_default(options, local.onErrorThrow);","            local.testCase_buildTest_default(options, local.onErrorThrow);","            local.testCase_buildCustomOrg_default(options, local.onErrorThrow);","            options = [];","            local.buildApp(options, onError);","        };","","        local.testCase_buildCustomOrg_default = local.testCase_buildCustomOrg_default ||","            function (options, onError) {","            /*","             * this function will test buildCustomOrg's default handling-behavior","             */","                options = {};","                local.buildCustomOrg(options, onError);","            };","","        local.testCase_buildLib_default = local.testCase_buildLib_default || function (","            options,","            onError","        ) {","        /*","         * this function will test buildLib's default handling-behavior","         */","            options = {};","            local.buildLib(options, onError);","        };","","        local.testCase_buildReadme_default = local.testCase_buildReadme_default || function (","            options,","            onError","        ) {","        /*","         * this function will test buildReadme's default handling-behavior-behavior","         */","            options = {};","            local.buildReadme(options, onError);","        };","","        local.testCase_buildTest_default = local.testCase_buildTest_default || function (","            options,","            onError","        ) {","        /*","         * this function will test buildTest's default handling-behavior","         */","            options = {};","            local.buildTest(options, onError);","        };","","        local.testCase_webpage_default = local.testCase_webpage_default || function (","            options,","            onError","        ) {","        /*","         * this function will test webpage's default handling-behavior","         */","            options = { modeCoverageMerge: true, url: local.serverLocalHost + '?modeTest=1' };","            local.browserTest(options, onError);","        };","","        // run test-server","        local.testRunServer(local);","        break;","    }","}());",""],"l":{"12":2,"14":2,"19":2,"21":2,"23":2,"24":2,"25":2,"30":1,"37":2,"40":2,"43":1,"47":1,"50":1,"52":1,"55":2,"61":2,"62":2,"64":2,"70":1,"76":1,"82":2,"83":2,"85":2,"92":1,"95":1,"102":1,"109":1,"110":1,"113":1,"120":1,"121":1,"122":1,"123":1,"124":1,"125":1,"128":1,"133":2,"134":2,"137":1,"144":2,"145":2,"148":1,"155":2,"156":2,"159":1,"166":2,"167":2,"170":1,"177":1,"178":1,"182":1,"183":1}},"/home/travis/build/npmtest/node-npmtest-beefy/lib.npmtest_beefy.js":{"path":"/home/travis/build/npmtest/node-npmtest-beefy/lib.npmtest_beefy.js","s":{"1":2,"2":2,"3":2,"4":2,"5":2,"6":2,"7":2,"8":1,"9":2,"10":2,"11":2,"12":2,"13":1,"14":1,"15":1,"16":1},"b":{"1":[2,1,1,1],"2":[1,1,1,1],"3":[1,1],"4":[2,2],"5":[1,1]},"f":{"1":2,"2":2,"3":2},"fnMap":{"1":{"name":"(anonymous_1)","line":12,"loc":{"start":{"line":12,"column":1},"end":{"line":12,"column":13}}},"2":{"name":"(anonymous_2)","line":19,"loc":{"start":{"line":19,"column":5},"end":{"line":19,"column":17}}},"3":{"name":"(anonymous_3)","line":23,"loc":{"start":{"line":23,"column":24},"end":{"line":23,"column":36}}}},"statementMap":{"1":{"start":{"line":12,"column":0},"end":{"line":53,"column":5}},"2":{"start":{"line":14,"column":4},"end":{"line":14,"column":14}},"3":{"start":{"line":19,"column":4},"end":{"line":52,"column":9}},"4":{"start":{"line":21,"column":8},"end":{"line":21,"column":19}},"5":{"start":{"line":23,"column":8},"end":{"line":35,"column":13}},"6":{"start":{"line":24,"column":12},"end":{"line":34,"column":13}},"7":{"start":{"line":25,"column":16},"end":{"line":28,"column":30}},"8":{"start":{"line":30,"column":16},"end":{"line":33,"column":27}},"9":{"start":{"line":37,"column":8},"end":{"line":39,"column":21}},"10":{"start":{"line":41,"column":8},"end":{"line":41,"column":54}},"11":{"start":{"line":43,"column":8},"end":{"line":43,"column":50}},"12":{"start":{"line":45,"column":8},"end":{"line":51,"column":9}},"13":{"start":{"line":46,"column":12},"end":{"line":46,"column":56}},"14":{"start":{"line":48,"column":12},"end":{"line":48,"column":35}},"15":{"start":{"line":49,"column":12},"end":{"line":49,"column":49}},"16":{"start":{"line":50,"column":12},"end":{"line":50,"column":43}}},"branchMap":{"1":{"line":25,"type":"binary-expr","locations":[{"start":{"line":25,"column":23},"end":{"line":25,"column":62}},{"start":{"line":26,"column":20},"end":{"line":26,"column":70}},{"start":{"line":27,"column":20},"end":{"line":27,"column":71}},{"start":{"line":28,"column":20},"end":{"line":28,"column":29}}]},"2":{"line":30,"type":"binary-expr","locations":[{"start":{"line":30,"column":23},"end":{"line":30,"column":37}},{"start":{"line":31,"column":20},"end":{"line":31,"column":61}},{"start":{"line":32,"column":20},"end":{"line":32,"column":70}},{"start":{"line":33,"column":20},"end":{"line":33,"column":26}}]},"3":{"line":37,"type":"cond-expr","locations":[{"start":{"line":38,"column":14},"end":{"line":38,"column":20}},{"start":{"line":39,"column":14},"end":{"line":39,"column":20}}]},"4":{"line":41,"type":"binary-expr","locations":[{"start":{"line":41,"column":16},"end":{"line":41,"column":44}},{"start":{"line":41,"column":48},"end":{"line":41,"column":53}}]},"5":{"line":45,"type":"if","locations":[{"start":{"line":45,"column":8},"end":{"line":45,"column":8}},{"start":{"line":45,"column":8},"end":{"line":45,"column":8}}]}},"code":["/* istanbul instrument in package npmtest_beefy */","/*jslint","    bitwise: true,","    browser: true,","    maxerr: 8,","    maxlen: 96,","    node: true,","    nomen: true,","    regexp: true,","    stupid: true","*/","(function () {","    'use strict';","    var local;","","","","    // run shared js-env code - pre-init","    (function () {","        // init local","        local = {};","        // init modeJs","        local.modeJs = (function () {","            try {","                return typeof navigator.userAgent === 'string' &&","                    typeof document.querySelector('body') === 'object' &&","                    typeof XMLHttpRequest.prototype.open === 'function' &&","                    'browser';","            } catch (errorCaughtBrowser) {","                return module.exports &&","                    typeof process.versions.node === 'string' &&","                    typeof require('http').createServer === 'function' &&","                    'node';","            }","        }());","        // init global","        local.global = local.modeJs === 'browser'","            ? window","            : global;","        // init utility2_rollup","        local = local.global.utility2_rollup || local;","        // init lib","        local.local = local.npmtest_beefy = local;","        // init exports","        if (local.modeJs === 'browser') {","            local.global.utility2_npmtest_beefy = local;","        } else {","            module.exports = local;","            module.exports.__dirname = __dirname;","            module.exports.module = module;","        }","    }());","}());",""],"l":{"12":2,"14":2,"19":2,"21":2,"23":2,"24":2,"25":2,"30":1,"37":2,"41":2,"43":2,"45":2,"46":1,"48":1,"49":1,"50":1}},"/home/travis/build/npmtest/node-npmtest-beefy/example.js":{"path":"/home/travis/build/npmtest/node-npmtest-beefy/example.js","s":{"1":2,"2":2,"3":2,"4":2,"5":2,"6":2,"7":2,"8":1,"9":2,"10":2,"11":2,"12":2,"13":1,"14":2,"15":2,"16":2,"17":2,"18":2,"19":0,"20":2,"21":1,"22":1,"23":1,"24":1,"25":1,"26":0,"27":0,"28":1,"29":1,"30":2,"31":0,"32":0,"33":0,"34":1,"35":2,"36":2,"37":2,"38":2,"39":2,"40":2,"41":0,"42":2,"43":2,"44":2,"45":1,"46":3,"47":1,"48":1,"49":1,"50":1,"51":1,"52":1,"53":1,"54":1,"55":1,"56":1,"57":0,"58":1,"59":6,"60":6,"61":1,"62":2,"63":0,"64":2,"65":1,"66":1,"67":0,"68":0,"69":0,"70":0,"71":0,"72":0,"73":0,"74":0,"75":0,"76":0,"77":0,"78":0,"79":0,"80":0,"81":0,"82":0,"83":0},"b":{"1":[2,1,1,1],"2":[1,1,1,1],"3":[1,1],"4":[2,2],"5":[1,1],"6":[1,1],"7":[2,0],"8":[2,1,1,1,1,1],"9":[0,2,0],"10":[1,1],"11":[2,1,1],"12":[1,0],"13":[0,2],"14":[2,0,0,0,0,0,0],"15":[0,2],"16":[2,0],"17":[1,1],"18":[0,1],"19":[1,2,0,2],"20":[1,0],"21":[1,1],"22":[0,0],"23":[0,0],"24":[0,0],"25":[0,0],"26":[0,0],"27":[0,0],"28":[0,0]},"f":{"1":2,"2":2,"3":2,"4":2,"5":2,"6":2,"7":2,"8":2,"9":3,"10":1,"11":6,"12":0},"fnMap":{"1":{"name":"(anonymous_1)","line":26,"loc":{"start":{"line":26,"column":1},"end":{"line":26,"column":13}}},"2":{"name":"(anonymous_2)","line":33,"loc":{"start":{"line":33,"column":5},"end":{"line":33,"column":17}}},"3":{"name":"(anonymous_3)","line":37,"loc":{"start":{"line":37,"column":24},"end":{"line":37,"column":36}}},"4":{"name":"(anonymous_4)","line":69,"loc":{"start":{"line":69,"column":31},"end":{"line":69,"column":48}},"skip":true},"5":{"name":"(anonymous_5)","line":78,"loc":{"start":{"line":78,"column":26},"end":{"line":78,"column":45}},"skip":true},"6":{"name":"(anonymous_6)","line":123,"loc":{"start":{"line":123,"column":33},"end":{"line":123,"column":48}},"skip":true},"7":{"name":"(anonymous_7)","line":125,"loc":{"start":{"line":125,"column":27},"end":{"line":125,"column":39}},"skip":true},"8":{"name":"(anonymous_8)","line":133,"loc":{"start":{"line":133,"column":59},"end":{"line":133,"column":74}},"skip":true},"9":{"name":"(anonymous_9)","line":143,"loc":{"start":{"line":143,"column":45},"end":{"line":143,"column":62}},"skip":true},"10":{"name":"(anonymous_10)","line":144,"loc":{"start":{"line":144,"column":73},"end":{"line":144,"column":92}},"skip":true},"11":{"name":"(anonymous_11)","line":272,"loc":{"start":{"line":272,"column":51},"end":{"line":272,"column":77}},"skip":true},"12":{"name":"(anonymous_12)","line":314,"loc":{"start":{"line":314,"column":32},"end":{"line":314,"column":61}},"skip":true}},"statementMap":{"1":{"start":{"line":26,"column":0},"end":{"line":325,"column":5}},"2":{"start":{"line":28,"column":4},"end":{"line":28,"column":14}},"3":{"start":{"line":33,"column":4},"end":{"line":60,"column":9}},"4":{"start":{"line":35,"column":8},"end":{"line":35,"column":19}},"5":{"start":{"line":37,"column":8},"end":{"line":49,"column":13}},"6":{"start":{"line":38,"column":12},"end":{"line":48,"column":13}},"7":{"start":{"line":39,"column":16},"end":{"line":42,"column":30}},"8":{"start":{"line":44,"column":16},"end":{"line":47,"column":27}},"9":{"start":{"line":51,"column":8},"end":{"line":53,"column":21}},"10":{"start":{"line":55,"column":8},"end":{"line":57,"column":45}},"11":{"start":{"line":59,"column":8},"end":{"line":59,"column":35}},"12":{"start":{"line":61,"column":4},"end":{"line":324,"column":5}},"13":{"start":{"line":69,"column":8},"end":{"line":121,"column":10},"skip":true},"14":{"start":{"line":70,"column":12},"end":{"line":88,"column":13},"skip":true},"15":{"start":{"line":76,"column":16},"end":{"line":87,"column":19},"skip":true},"16":{"start":{"line":79,"column":20},"end":{"line":86,"column":21},"skip":true},"17":{"start":{"line":82,"column":24},"end":{"line":82,"column":43},"skip":true},"18":{"start":{"line":83,"column":24},"end":{"line":83,"column":30},"skip":true},"19":{"start":{"line":85,"column":24},"end":{"line":85,"column":49},"skip":true},"20":{"start":{"line":89,"column":12},"end":{"line":107,"column":13},"skip":true},"21":{"start":{"line":92,"column":16},"end":{"line":102,"column":17},"skip":true},"22":{"start":{"line":93,"column":20},"end":{"line":93,"column":86},"skip":true},"23":{"start":{"line":94,"column":20},"end":{"line":95,"column":45},"skip":true},"24":{"start":{"line":96,"column":20},"end":{"line":96,"column":42},"skip":true},"25":{"start":{"line":97,"column":20},"end":{"line":97,"column":48},"skip":true},"26":{"start":{"line":100,"column":20},"end":{"line":100,"column":85},"skip":true},"27":{"start":{"line":101,"column":20},"end":{"line":101,"column":96},"skip":true},"28":{"start":{"line":103,"column":16},"end":{"line":103,"column":22},"skip":true},"29":{"start":{"line":106,"column":16},"end":{"line":106,"column":22},"skip":true},"30":{"start":{"line":108,"column":12},"end":{"line":120,"column":13},"skip":true},"31":{"start":{"line":114,"column":16},"end":{"line":119,"column":17},"skip":true},"32":{"start":{"line":116,"column":20},"end":{"line":116,"column":78},"skip":true},"33":{"start":{"line":118,"column":20},"end":{"line":118,"column":47},"skip":true},"34":{"start":{"line":123,"column":8},"end":{"line":141,"column":11},"skip":true},"35":{"start":{"line":124,"column":12},"end":{"line":124,"column":54},"skip":true},"36":{"start":{"line":125,"column":12},"end":{"line":140,"column":14},"skip":true},"37":{"start":{"line":126,"column":16},"end":{"line":126,"column":28},"skip":true},"38":{"start":{"line":127,"column":16},"end":{"line":127,"column":69},"skip":true},"39":{"start":{"line":128,"column":16},"end":{"line":128,"column":75},"skip":true},"40":{"start":{"line":129,"column":16},"end":{"line":131,"column":17},"skip":true},"41":{"start":{"line":130,"column":20},"end":{"line":130,"column":27},"skip":true},"42":{"start":{"line":133,"column":16},"end":{"line":137,"column":36},"skip":true},"43":{"start":{"line":134,"column":20},"end":{"line":136,"column":55},"skip":true},"44":{"start":{"line":139,"column":16},"end":{"line":139,"column":57},"skip":true},"45":{"start":{"line":143,"column":8},"end":{"line":147,"column":11},"skip":true},"46":{"start":{"line":144,"column":12},"end":{"line":146,"column":15},"skip":true},"47":{"start":{"line":145,"column":16},"end":{"line":145,"column":70},"skip":true},"48":{"start":{"line":149,"column":8},"end":{"line":149,"column":31},"skip":true},"49":{"start":{"line":150,"column":8},"end":{"line":150,"column":14},"skip":true},"50":{"start":{"line":158,"column":8},"end":{"line":158,"column":31},"skip":true},"51":{"start":{"line":160,"column":8},"end":{"line":160,"column":33},"skip":true},"52":{"start":{"line":161,"column":8},"end":{"line":161,"column":37},"skip":true},"53":{"start":{"line":162,"column":8},"end":{"line":162,"column":35},"skip":true},"54":{"start":{"line":164,"column":8},"end":{"line":164,"column":50},"skip":true},"55":{"start":{"line":166,"column":8},"end":{"line":256,"column":2},"skip":true},"56":{"start":{"line":258,"column":8},"end":{"line":286,"column":9},"skip":true},"57":{"start":{"line":259,"column":12},"end":{"line":269,"column":14},"skip":true},"58":{"start":{"line":271,"column":12},"end":{"line":285,"column":19},"skip":true},"59":{"start":{"line":274,"column":20},"end":{"line":274,"column":35},"skip":true},"60":{"start":{"line":275,"column":20},"end":{"line":284,"column":21},"skip":true},"61":{"start":{"line":277,"column":24},"end":{"line":277,"column":64},"skip":true},"62":{"start":{"line":279,"column":24},"end":{"line":279,"column":40},"skip":true},"63":{"start":{"line":281,"column":24},"end":{"line":281,"column":40},"skip":true},"64":{"start":{"line":283,"column":24},"end":{"line":283,"column":39},"skip":true},"65":{"start":{"line":288,"column":8},"end":{"line":290,"column":9},"skip":true},"66":{"start":{"line":289,"column":12},"end":{"line":289,"column":18},"skip":true},"67":{"start":{"line":291,"column":8},"end":{"line":293,"column":54},"skip":true},"68":{"start":{"line":294,"column":8},"end":{"line":301,"column":37},"skip":true},"69":{"start":{"line":302,"column":8},"end":{"line":302,"column":82},"skip":true},"70":{"start":{"line":305,"column":8},"end":{"line":307,"column":9},"skip":true},"71":{"start":{"line":306,"column":12},"end":{"line":306,"column":82},"skip":true},"72":{"start":{"line":309,"column":8},"end":{"line":311,"column":9},"skip":true},"73":{"start":{"line":310,"column":12},"end":{"line":310,"column":18},"skip":true},"74":{"start":{"line":312,"column":8},"end":{"line":312,"column":54},"skip":true},"75":{"start":{"line":313,"column":8},"end":{"line":313,"column":69},"skip":true},"76":{"start":{"line":314,"column":8},"end":{"line":322,"column":36},"skip":true},"77":{"start":{"line":315,"column":12},"end":{"line":315,"column":61},"skip":true},"78":{"start":{"line":316,"column":12},"end":{"line":319,"column":13},"skip":true},"79":{"start":{"line":317,"column":16},"end":{"line":317,"column":75},"skip":true},"80":{"start":{"line":318,"column":16},"end":{"line":318,"column":23},"skip":true},"81":{"start":{"line":320,"column":12},"end":{"line":320,"column":38},"skip":true},"82":{"start":{"line":321,"column":12},"end":{"line":321,"column":27},"skip":true},"83":{"start":{"line":323,"column":8},"end":{"line":323,"column":14},"skip":true}},"branchMap":{"1":{"line":39,"type":"binary-expr","locations":[{"start":{"line":39,"column":23},"end":{"line":39,"column":62}},{"start":{"line":40,"column":20},"end":{"line":40,"column":70}},{"start":{"line":41,"column":20},"end":{"line":41,"column":71}},{"start":{"line":42,"column":20},"end":{"line":42,"column":29}}]},"2":{"line":44,"type":"binary-expr","locations":[{"start":{"line":44,"column":23},"end":{"line":44,"column":37}},{"start":{"line":45,"column":20},"end":{"line":45,"column":61}},{"start":{"line":46,"column":20},"end":{"line":46,"column":70}},{"start":{"line":47,"column":20},"end":{"line":47,"column":26}}]},"3":{"line":51,"type":"cond-expr","locations":[{"start":{"line":52,"column":14},"end":{"line":52,"column":20}},{"start":{"line":53,"column":14},"end":{"line":53,"column":20}}]},"4":{"line":55,"type":"binary-expr","locations":[{"start":{"line":55,"column":16},"end":{"line":55,"column":44}},{"start":{"line":55,"column":49},"end":{"line":57,"column":43}}]},"5":{"line":55,"type":"cond-expr","locations":[{"start":{"line":56,"column":14},"end":{"line":56,"column":49}},{"start":{"line":57,"column":14},"end":{"line":57,"column":43}}]},"6":{"line":61,"type":"switch","locations":[{"start":{"line":68,"column":4},"end":{"line":150,"column":14},"skip":true},{"start":{"line":156,"column":4},"end":{"line":323,"column":14},"skip":true}]},"7":{"line":70,"type":"if","locations":[{"start":{"line":70,"column":12},"end":{"line":70,"column":12},"skip":true},{"start":{"line":70,"column":12},"end":{"line":70,"column":12},"skip":true}]},"8":{"line":70,"type":"binary-expr","locations":[{"start":{"line":70,"column":16},"end":{"line":70,"column":22},"skip":true},{"start":{"line":70,"column":27},"end":{"line":70,"column":32},"skip":true},{"start":{"line":71,"column":20},"end":{"line":71,"column":39},"skip":true},{"start":{"line":72,"column":20},"end":{"line":72,"column":49},"skip":true},{"start":{"line":73,"column":20},"end":{"line":73,"column":58},"skip":true},{"start":{"line":74,"column":20},"end":{"line":74,"column":69},"skip":true}]},"9":{"line":79,"type":"switch","locations":[{"start":{"line":80,"column":20},"end":{"line":80,"column":33},"skip":true},{"start":{"line":81,"column":20},"end":{"line":83,"column":30},"skip":true},{"start":{"line":84,"column":20},"end":{"line":85,"column":49},"skip":true}]},"10":{"line":89,"type":"switch","locations":[{"start":{"line":90,"column":12},"end":{"line":103,"column":22},"skip":true},{"start":{"line":105,"column":12},"end":{"line":106,"column":22},"skip":true}]},"11":{"line":89,"type":"binary-expr","locations":[{"start":{"line":89,"column":20},"end":{"line":89,"column":25},"skip":true},{"start":{"line":89,"column":29},"end":{"line":89,"column":48},"skip":true},{"start":{"line":89,"column":52},"end":{"line":89,"column":74},"skip":true}]},"12":{"line":92,"type":"if","locations":[{"start":{"line":92,"column":16},"end":{"line":92,"column":16},"skip":true},{"start":{"line":92,"column":16},"end":{"line":92,"column":16},"skip":true}]},"13":{"line":108,"type":"if","locations":[{"start":{"line":108,"column":12},"end":{"line":108,"column":12},"skip":true},{"start":{"line":108,"column":12},"end":{"line":108,"column":12},"skip":true}]},"14":{"line":108,"type":"binary-expr","locations":[{"start":{"line":108,"column":16},"end":{"line":108,"column":61},"skip":true},{"start":{"line":108,"column":66},"end":{"line":108,"column":72},"skip":true},{"start":{"line":108,"column":77},"end":{"line":108,"column":82},"skip":true},{"start":{"line":109,"column":20},"end":{"line":109,"column":39},"skip":true},{"start":{"line":110,"column":20},"end":{"line":110,"column":49},"skip":true},{"start":{"line":111,"column":20},"end":{"line":111,"column":58},"skip":true},{"start":{"line":112,"column":20},"end":{"line":112,"column":68},"skip":true}]},"15":{"line":129,"type":"if","locations":[{"start":{"line":129,"column":16},"end":{"line":129,"column":16},"skip":true},{"start":{"line":129,"column":16},"end":{"line":129,"column":16},"skip":true}]},"16":{"line":134,"type":"cond-expr","locations":[{"start":{"line":135,"column":26},"end":{"line":135,"column":29},"skip":true},{"start":{"line":136,"column":26},"end":{"line":136,"column":54},"skip":true}]},"17":{"line":164,"type":"binary-expr","locations":[{"start":{"line":164,"column":27},"end":{"line":164,"column":43},"skip":true},{"start":{"line":164,"column":47},"end":{"line":164,"column":49},"skip":true}]},"18":{"line":258,"type":"if","locations":[{"start":{"line":258,"column":8},"end":{"line":258,"column":8},"skip":true},{"start":{"line":258,"column":8},"end":{"line":258,"column":8},"skip":true}]},"19":{"line":275,"type":"switch","locations":[{"start":{"line":276,"column":20},"end":{"line":277,"column":64},"skip":true},{"start":{"line":278,"column":20},"end":{"line":279,"column":40},"skip":true},{"start":{"line":280,"column":20},"end":{"line":281,"column":40},"skip":true},{"start":{"line":282,"column":20},"end":{"line":283,"column":39},"skip":true}]},"20":{"line":288,"type":"if","locations":[{"start":{"line":288,"column":8},"end":{"line":288,"column":8},"skip":true},{"start":{"line":288,"column":8},"end":{"line":288,"column":8},"skip":true}]},"21":{"line":288,"type":"binary-expr","locations":[{"start":{"line":288,"column":12},"end":{"line":288,"column":40},"skip":true},{"start":{"line":288,"column":44},"end":{"line":288,"column":67},"skip":true}]},"22":{"line":292,"type":"binary-expr","locations":[{"start":{"line":292,"column":12},"end":{"line":292,"column":50},"skip":true},{"start":{"line":293,"column":12},"end":{"line":293,"column":53},"skip":true}]},"23":{"line":295,"type":"binary-expr","locations":[{"start":{"line":295,"column":12},"end":{"line":295,"column":63},"skip":true},{"start":{"line":296,"column":12},"end":{"line":301,"column":36},"skip":true}]},"24":{"line":302,"type":"binary-expr","locations":[{"start":{"line":302,"column":43},"end":{"line":302,"column":75},"skip":true},{"start":{"line":302,"column":79},"end":{"line":302,"column":81},"skip":true}]},"25":{"line":305,"type":"if","locations":[{"start":{"line":305,"column":8},"end":{"line":305,"column":8},"skip":true},{"start":{"line":305,"column":8},"end":{"line":305,"column":8},"skip":true}]},"26":{"line":309,"type":"if","locations":[{"start":{"line":309,"column":8},"end":{"line":309,"column":8},"skip":true},{"start":{"line":309,"column":8},"end":{"line":309,"column":8},"skip":true}]},"27":{"line":312,"type":"binary-expr","locations":[{"start":{"line":312,"column":27},"end":{"line":312,"column":43},"skip":true},{"start":{"line":312,"column":47},"end":{"line":312,"column":53},"skip":true}]},"28":{"line":316,"type":"if","locations":[{"start":{"line":316,"column":12},"end":{"line":316,"column":12},"skip":true},{"start":{"line":316,"column":12},"end":{"line":316,"column":12},"skip":true}]}},"code":["/*","example.js","","quickstart example","","instruction","    1. save this script as example.js","    2. run the shell command:","        $ npm install npmtest-beefy && PORT=8081 node example.js","    3. play with the browser-demo on http://127.0.0.1:8081","*/","","","","/* istanbul instrument in package npmtest_beefy */","/*jslint","    bitwise: true,","    browser: true,","    maxerr: 8,","    maxlen: 96,","    node: true,","    nomen: true,","    regexp: true,","    stupid: true","*/","(function () {","    'use strict';","    var local;","","","","    // run shared js-env code - pre-init","    (function () {","        // init local","        local = {};","        // init modeJs","        local.modeJs = (function () {","            try {","                return typeof navigator.userAgent === 'string' &&","                    typeof document.querySelector('body') === 'object' &&","                    typeof XMLHttpRequest.prototype.open === 'function' &&","                    'browser';","            } catch (errorCaughtBrowser) {","                return module.exports &&","                    typeof process.versions.node === 'string' &&","                    typeof require('http').createServer === 'function' &&","                    'node';","            }","        }());","        // init global","        local.global = local.modeJs === 'browser'","            ? window","            : global;","        // init utility2_rollup","        local = local.global.utility2_rollup || (local.modeJs === 'browser'","            ? local.global.utility2_npmtest_beefy","            : global.utility2_moduleExports);","        // export local","        local.global.local = local;","    }());","    switch (local.modeJs) {","","","","    // post-init","    // run browser js-env code - post-init","    /* istanbul ignore next */","    case 'browser':","        local.testRunBrowser = function (event) {","            if (!event || (event &&","                    event.currentTarget &&","                    event.currentTarget.className &&","                    event.currentTarget.className.includes &&","                    event.currentTarget.className.includes('onreset'))) {","                // reset output","                Array.from(","                    document.querySelectorAll('body > .resettable')","                ).forEach(function (element) {","                    switch (element.tagName) {","                    case 'INPUT':","                    case 'TEXTAREA':","                        element.value = '';","                        break;","                    default:","                        element.textContent = '';","                    }","                });","            }","            switch (event && event.currentTarget && event.currentTarget.id) {","            case 'testRunButton1':","                // show tests","                if (document.querySelector('#testReportDiv1').style.display === 'none') {","                    document.querySelector('#testReportDiv1').style.display = 'block';","                    document.querySelector('#testRunButton1').textContent =","                        'hide internal test';","                    local.modeTest = true;","                    local.testRunDefault(local);","                // hide tests","                } else {","                    document.querySelector('#testReportDiv1').style.display = 'none';","                    document.querySelector('#testRunButton1').textContent = 'run internal test';","                }","                break;","            // custom-case","            default:","                break;","            }","            if (document.querySelector('#inputTextareaEval1') && (!event || (event &&","                    event.currentTarget &&","                    event.currentTarget.className &&","                    event.currentTarget.className.includes &&","                    event.currentTarget.className.includes('oneval')))) {","                // try to eval input-code","                try {","                    /*jslint evil: true*/","                    eval(document.querySelector('#inputTextareaEval1').value);","                } catch (errorCaught) {","                    console.error(errorCaught);","                }","            }","        };","        // log stderr and stdout to #outputTextareaStdout1","        ['error', 'log'].forEach(function (key) {","            console[key + '_original'] = console[key];","            console[key] = function () {","                var element;","                console[key + '_original'].apply(console, arguments);","                element = document.querySelector('#outputTextareaStdout1');","                if (!element) {","                    return;","                }","                // append text to #outputTextareaStdout1","                element.value += Array.from(arguments).map(function (arg) {","                    return typeof arg === 'string'","                        ? arg","                        : JSON.stringify(arg, null, 4);","                }).join(' ') + '\\n';","                // scroll textarea to bottom","                element.scrollTop = element.scrollHeight;","            };","        });","        // init event-handling","        ['change', 'click', 'keyup'].forEach(function (event) {","            Array.from(document.querySelectorAll('.on' + event)).forEach(function (element) {","                element.addEventListener(event, local.testRunBrowser);","            });","        });","        // run tests","        local.testRunBrowser();","        break;","","","","    // run node js-env code - post-init","    /* istanbul ignore next */","    case 'node':","        // export local","        module.exports = local;","        // require modules","        local.fs = require('fs');","        local.http = require('http');","        local.url = require('url');","        // init assets","        local.assetsDict = local.assetsDict || {};","        /* jslint-ignore-begin */","        local.assetsDict['/assets.index.template.html'] = '\\","<!doctype html>\\n\\","<html lang=\"en\">\\n\\","<head>\\n\\","<meta charset=\"UTF-8\">\\n\\","<meta name=\"viewport\" content=\"width=device-width, initial-scale=1\">\\n\\","<title>{{env.npm_package_name}} (v{{env.npm_package_version}})</title>\\n\\","<style>\\n\\","/*csslint\\n\\","    box-sizing: false,\\n\\","    universal-selector: false\\n\\","*/\\n\\","* {\\n\\","    box-sizing: border-box;\\n\\","}\\n\\","body {\\n\\","    background: #dde;\\n\\","    font-family: Arial, Helvetica, sans-serif;\\n\\","    margin: 2rem;\\n\\","}\\n\\","body > * {\\n\\","    margin-bottom: 1rem;\\n\\","}\\n\\",".utility2FooterDiv {\\n\\","    margin-top: 20px;\\n\\","    text-align: center;\\n\\","}\\n\\","</style>\\n\\","<style>\\n\\","/*csslint\\n\\","*/\\n\\","textarea {\\n\\","    font-family: monospace;\\n\\","    height: 10rem;\\n\\","    width: 100%;\\n\\","}\\n\\","textarea[readonly] {\\n\\","    background: #ddd;\\n\\","}\\n\\","</style>\\n\\","</head>\\n\\","<body>\\n\\","<!-- utility2-comment\\n\\","<div id=\"ajaxProgressDiv1\" style=\"background: #d00; height: 2px; left: 0; margin: 0; padding: 0; position: fixed; top: 0; transition: background 0.5s, width 1.5s; width: 25%;\"></div>\\n\\","utility2-comment -->\\n\\","<h1>\\n\\","<!-- utility2-comment\\n\\","    <a\\n\\","        {{#if env.npm_package_homepage}}\\n\\","        href=\"{{env.npm_package_homepage}}\"\\n\\","        {{/if env.npm_package_homepage}}\\n\\","        target=\"_blank\"\\n\\","    >\\n\\","utility2-comment -->\\n\\","        {{env.npm_package_name}} (v{{env.npm_package_version}})\\n\\","<!-- utility2-comment\\n\\","    </a>\\n\\","utility2-comment -->\\n\\","</h1>\\n\\","<h3>{{env.npm_package_description}}</h3>\\n\\","<!-- utility2-comment\\n\\","<h4><a download href=\"assets.app.js\">download standalone app</a></h4>\\n\\","<button class=\"onclick onreset\" id=\"testRunButton1\">run internal test</button><br>\\n\\","<div id=\"testReportDiv1\" style=\"display: none;\"></div>\\n\\","utility2-comment -->\\n\\","\\n\\","\\n\\","\\n\\","<label>stderr and stdout</label>\\n\\","<textarea class=\"resettable\" id=\"outputTextareaStdout1\" readonly></textarea>\\n\\","<!-- utility2-comment\\n\\","{{#if isRollup}}\\n\\","<script src=\"assets.app.js\"></script>\\n\\","{{#unless isRollup}}\\n\\","utility2-comment -->\\n\\","<script src=\"assets.utility2.rollup.js\"></script>\\n\\","<script src=\"jsonp.utility2._stateInit?callback=window.utility2._stateInit\"></script>\\n\\","<script src=\"assets.npmtest_beefy.rollup.js\"></script>\\n\\","<script src=\"assets.example.js\"></script>\\n\\","<script src=\"assets.test.js\"></script>\\n\\","<!-- utility2-comment\\n\\","{{/if isRollup}}\\n\\","utility2-comment -->\\n\\","<div class=\"utility2FooterDiv\">\\n\\","    [ this app was created with\\n\\","    <a href=\"https://github.com/kaizhu256/node-utility2\" target=\"_blank\">utility2</a>\\n\\","    ]\\n\\","</div>\\n\\","</body>\\n\\","</html>\\n\\","';","        /* jslint-ignore-end */","        if (local.templateRender) {","            local.assetsDict['/'] = local.templateRender(","                local.assetsDict['/assets.index.template.html'],","                {","                    env: local.objectSetDefault(local.env, {","                        npm_package_description: 'the greatest app in the world!',","                        npm_package_name: 'my-app',","                        npm_package_nameAlias: 'my_app',","                        npm_package_version: '0.0.1'","                    })","                }","            );","        } else {","            local.assetsDict['/'] = local.assetsDict['/assets.index.template.html']","                .replace((/\\{\\{env\\.(\\w+?)\\}\\}/g), function (match0, match1) {","                    // jslint-hack","                    String(match0);","                    switch (match1) {","                    case 'npm_package_description':","                        return 'the greatest app in the world!';","                    case 'npm_package_name':","                        return 'my-app';","                    case 'npm_package_nameAlias':","                        return 'my_app';","                    case 'npm_package_version':","                        return '0.0.1';","                    }","                });","        }","        // run the cli","        if (local.global.utility2_rollup || module !== require.main) {","            break;","        }","        local.assetsDict['/assets.example.js'] =","            local.assetsDict['/assets.example.js'] ||","            local.fs.readFileSync(__filename, 'utf8');","        local.assetsDict['/assets.npmtest_beefy.rollup.js'] =","            local.assetsDict['/assets.npmtest_beefy.rollup.js'] ||","            local.fs.readFileSync(","                // buildCustomOrg-hack","                local.npmtest_beefy.__dirname +","                    '/lib.npmtest_beefy.js',","                'utf8'","            ).replace((/^#!/), '//');","        local.assetsDict['/favicon.ico'] = local.assetsDict['/favicon.ico'] || '';","        // if $npm_config_timeout_exit exists,","        // then exit this process after $npm_config_timeout_exit ms","        if (Number(process.env.npm_config_timeout_exit)) {","            setTimeout(process.exit, Number(process.env.npm_config_timeout_exit));","        }","        // start server","        if (local.global.utility2_serverHttp1) {","            break;","        }","        process.env.PORT = process.env.PORT || '8081';","        console.error('server starting on port ' + process.env.PORT);","        local.http.createServer(function (request, response) {","            request.urlParsed = local.url.parse(request.url);","            if (local.assetsDict[request.urlParsed.pathname] !== undefined) {","                response.end(local.assetsDict[request.urlParsed.pathname]);","                return;","            }","            response.statusCode = 404;","            response.end();","        }).listen(process.env.PORT);","        break;","    }","}());",""],"l":{"26":2,"28":2,"33":2,"35":2,"37":2,"38":2,"39":2,"44":1,"51":2,"55":2,"59":2,"61":2,"69":1,"70":2,"76":2,"79":2,"82":2,"83":2,"85":1,"89":2,"92":1,"93":1,"94":1,"96":1,"97":1,"100":1,"101":1,"103":1,"106":1,"108":2,"114":1,"116":1,"118":1,"123":1,"124":2,"125":2,"126":2,"127":2,"128":2,"129":2,"130":1,"133":2,"134":2,"139":2,"143":1,"144":3,"145":1,"149":1,"150":1,"158":1,"160":1,"161":1,"162":1,"164":1,"166":1,"258":1,"259":1,"271":1,"274":6,"275":6,"277":1,"279":2,"281":1,"283":2,"288":1,"289":1,"291":1,"294":1,"302":1,"305":1,"306":1,"309":1,"310":1,"312":1,"313":1,"314":1,"315":1,"316":1,"317":1,"318":1,"320":1,"321":1,"323":1}},"/home/travis/build/npmtest/node-npmtest-beefy/node_modules/beefy/index.js":{"path":"/home/travis/build/npmtest/node-npmtest-beefy/node_modules/beefy/index.js","s":{"1":1,"2":1,"3":1,"4":1,"5":0,"6":0,"7":0,"8":0,"9":0,"10":0,"11":0,"12":0,"13":0,"14":0,"15":0,"16":0,"17":0,"18":0,"19":0,"20":0,"21":0,"22":0,"23":0,"24":0,"25":0,"26":0,"27":0,"28":0,"29":0,"30":0,"31":0,"32":0,"33":0,"34":0,"35":0,"36":0,"37":0,"38":0,"39":0,"40":0,"41":1,"42":0,"43":0,"44":0,"45":1,"46":0,"47":1,"48":0,"49":0,"50":0},"b":{"1":[0,0],"2":[0,0],"3":[0,0],"4":[0,0],"5":[0,0],"6":[0,0],"7":[0,0],"8":[0,0],"9":[0,0],"10":[0,0],"11":[0,0],"12":[0,0],"13":[0,0],"14":[0,0],"15":[0,0],"16":[0,0],"17":[0,0],"18":[0,0],"19":[0,0],"20":[0,0],"21":[0,0]},"f":{"1":0,"2":0,"3":0,"4":0,"5":0},"fnMap":{"1":{"name":"beefy","line":10,"loc":{"start":{"line":10,"column":0},"end":{"line":10,"column":28}}},"2":{"name":"(anonymous_2)","line":52,"loc":{"start":{"line":52,"column":28},"end":{"line":52,"column":51}}},"3":{"name":"handler","line":77,"loc":{"start":{"line":77,"column":2},"end":{"line":77,"column":30}}},"4":{"name":"fixupEntries","line":85,"loc":{"start":{"line":85,"column":2},"end":{"line":85,"column":33}}},"5":{"name":"toObject","line":88,"loc":{"start":{"line":88,"column":4},"end":{"line":88,"column":34}}}},"statementMap":{"1":{"start":{"line":1,"column":0},"end":{"line":4,"column":26}},"2":{"start":{"line":6,"column":0},"end":{"line":6,"column":51}},"3":{"start":{"line":8,"column":0},"end":{"line":8,"column":22}},"4":{"start":{"line":10,"column":0},"end":{"line":99,"column":1}},"5":{"start":{"line":11,"column":2},"end":{"line":11,"column":58}},"6":{"start":{"line":13,"column":2},"end":{"line":16,"column":8}},"7":{"start":{"line":18,"column":2},"end":{"line":18,"column":52}},"8":{"start":{"line":19,"column":2},"end":{"line":19,"column":35}},"9":{"start":{"line":20,"column":2},"end":{"line":20,"column":45}},"10":{"start":{"line":21,"column":2},"end":{"line":21,"column":37}},"11":{"start":{"line":22,"column":2},"end":{"line":22,"column":59}},"12":{"start":{"line":23,"column":2},"end":{"line":23,"column":25}},"13":{"start":{"line":24,"column":2},"end":{"line":24,"column":68}},"14":{"start":{"line":26,"column":2},"end":{"line":27,"column":18}},"15":{"start":{"line":29,"column":2},"end":{"line":31,"column":3}},"16":{"start":{"line":30,"column":4},"end":{"line":30,"column":32}},"17":{"start":{"line":33,"column":2},"end":{"line":35,"column":3}},"18":{"start":{"line":34,"column":4},"end":{"line":34,"column":23}},"19":{"start":{"line":37,"column":2},"end":{"line":39,"column":3}},"20":{"start":{"line":38,"column":4},"end":{"line":38,"column":40}},"21":{"start":{"line":41,"column":2},"end":{"line":43,"column":3}},"22":{"start":{"line":42,"column":4},"end":{"line":42,"column":36}},"23":{"start":{"line":45,"column":2},"end":{"line":47,"column":3}},"24":{"start":{"line":46,"column":4},"end":{"line":46,"column":30}},"25":{"start":{"line":49,"column":2},"end":{"line":49,"column":17}},"26":{"start":{"line":50,"column":2},"end":{"line":50,"column":39}},"27":{"start":{"line":52,"column":2},"end":{"line":73,"column":4}},"28":{"start":{"line":53,"column":4},"end":{"line":59,"column":5}},"29":{"start":{"line":54,"column":6},"end":{"line":56,"column":7}},"30":{"start":{"line":55,"column":8},"end":{"line":55,"column":25}},"31":{"start":{"line":58,"column":6},"end":{"line":58,"column":15}},"32":{"start":{"line":61,"column":4},"end":{"line":68,"column":5}},"33":{"start":{"line":63,"column":8},"end":{"line":63,"column":54}},"34":{"start":{"line":64,"column":8},"end":{"line":64,"column":13}},"35":{"start":{"line":66,"column":8},"end":{"line":66,"column":46}},"36":{"start":{"line":67,"column":8},"end":{"line":67,"column":13}},"37":{"start":{"line":70,"column":4},"end":{"line":70,"column":56}},"38":{"start":{"line":71,"column":4},"end":{"line":71,"column":66}},"39":{"start":{"line":72,"column":4},"end":{"line":72,"column":69}},"40":{"start":{"line":75,"column":2},"end":{"line":75,"column":16}},"41":{"start":{"line":77,"column":2},"end":{"line":83,"column":3}},"42":{"start":{"line":78,"column":4},"end":{"line":80,"column":5}},"43":{"start":{"line":79,"column":6},"end":{"line":79,"column":46}},"44":{"start":{"line":82,"column":4},"end":{"line":82,"column":27}},"45":{"start":{"line":85,"column":2},"end":{"line":98,"column":3}},"46":{"start":{"line":86,"column":4},"end":{"line":86,"column":74}},"47":{"start":{"line":88,"column":4},"end":{"line":97,"column":5}},"48":{"start":{"line":89,"column":6},"end":{"line":89,"column":43}},"49":{"start":{"line":91,"column":6},"end":{"line":94,"column":38}},"50":{"start":{"line":96,"column":6},"end":{"line":96,"column":16}}},"branchMap":{"1":{"line":14,"type":"cond-expr","locations":[{"start":{"line":14,"column":31},"end":{"line":14,"column":48}},{"start":{"line":15,"column":4},"end":{"line":16,"column":8}}]},"2":{"line":15,"type":"cond-expr","locations":[{"start":{"line":15,"column":26},"end":{"line":15,"column":41}},{"start":{"line":16,"column":4},"end":{"line":16,"column":8}}]},"3":{"line":18,"type":"binary-expr","locations":[{"start":{"line":18,"column":13},"end":{"line":18,"column":21}},{"start":{"line":18,"column":25},"end":{"line":18,"column":52}}]},"4":{"line":19,"type":"binary-expr","locations":[{"start":{"line":19,"column":17},"end":{"line":19,"column":29}},{"start":{"line":19,"column":33},"end":{"line":19,"column":35}}]},"5":{"line":20,"type":"binary-expr","locations":[{"start":{"line":20,"column":22},"end":{"line":20,"column":39}},{"start":{"line":20,"column":43},"end":{"line":20,"column":45}}]},"6":{"line":21,"type":"binary-expr","locations":[{"start":{"line":21,"column":17},"end":{"line":21,"column":29}},{"start":{"line":21,"column":33},"end":{"line":21,"column":37}}]},"7":{"line":22,"type":"cond-expr","locations":[{"start":{"line":22,"column":42},"end":{"line":22,"column":46}},{"start":{"line":22,"column":49},"end":{"line":22,"column":59}}]},"8":{"line":24,"type":"cond-expr","locations":[{"start":{"line":24,"column":48},"end":{"line":24,"column":52}},{"start":{"line":24,"column":55},"end":{"line":24,"column":68}}]},"9":{"line":29,"type":"if","locations":[{"start":{"line":29,"column":2},"end":{"line":29,"column":2}},{"start":{"line":29,"column":2},"end":{"line":29,"column":2}}]},"10":{"line":33,"type":"if","locations":[{"start":{"line":33,"column":2},"end":{"line":33,"column":2}},{"start":{"line":33,"column":2},"end":{"line":33,"column":2}}]},"11":{"line":37,"type":"if","locations":[{"start":{"line":37,"column":2},"end":{"line":37,"column":2}},{"start":{"line":37,"column":2},"end":{"line":37,"column":2}}]},"12":{"line":41,"type":"if","locations":[{"start":{"line":41,"column":2},"end":{"line":41,"column":2}},{"start":{"line":41,"column":2},"end":{"line":41,"column":2}}]},"13":{"line":45,"type":"if","locations":[{"start":{"line":45,"column":2},"end":{"line":45,"column":2}},{"start":{"line":45,"column":2},"end":{"line":45,"column":2}}]},"14":{"line":45,"type":"binary-expr","locations":[{"start":{"line":45,"column":5},"end":{"line":45,"column":23}},{"start":{"line":45,"column":27},"end":{"line":45,"column":41}}]},"15":{"line":53,"type":"if","locations":[{"start":{"line":53,"column":4},"end":{"line":53,"column":4}},{"start":{"line":53,"column":4},"end":{"line":53,"column":4}}]},"16":{"line":54,"type":"if","locations":[{"start":{"line":54,"column":6},"end":{"line":54,"column":6}},{"start":{"line":54,"column":6},"end":{"line":54,"column":6}}]},"17":{"line":61,"type":"switch","locations":[{"start":{"line":62,"column":6},"end":{"line":64,"column":13}},{"start":{"line":65,"column":6},"end":{"line":67,"column":13}}]},"18":{"line":61,"type":"binary-expr","locations":[{"start":{"line":61,"column":11},"end":{"line":61,"column":23}},{"start":{"line":61,"column":27},"end":{"line":61,"column":46}}]},"19":{"line":71,"type":"cond-expr","locations":[{"start":{"line":71,"column":39},"end":{"line":71,"column":44}},{"start":{"line":71,"column":47},"end":{"line":71,"column":66}}]},"20":{"line":78,"type":"if","locations":[{"start":{"line":78,"column":4},"end":{"line":78,"column":4}},{"start":{"line":78,"column":4},"end":{"line":78,"column":4}}]},"21":{"line":86,"type":"cond-expr","locations":[{"start":{"line":86,"column":36},"end":{"line":86,"column":64}},{"start":{"line":86,"column":67},"end":{"line":86,"column":74}}]}},"code":["var setupWatchify = require('./lib/bundlers/watchify.js')","  , createHandler = require('./lib/create-handler.js')","  , makeIO = require('./lib/make-io.js')","  , path = require('path')","","var parseArgs = require('./lib/args-to-options.js')","","module.exports = beefy","","function beefy(opts, ready) {","  var io = makeIO(process, process.stdout, process.stderr)","","  opts =","    typeof opts === 'string' ? {entries: [opts]} :","    Array.isArray(opts) ? {entries: opts} :","    opts","","  opts.cwd = opts.cwd || path.dirname(module.parent)","  opts.entries = opts.entries || []","  opts.bundlerFlags = opts.bundlerFlags || []","  opts.bundler = opts.bundler || null","  opts.quiet = opts.quiet === undefined ? true : opts.quiet","  opts.live = !!opts.live","  opts.watchify = opts.watchify === undefined ? true : opts.watchify","","  var args = ['9999']","    , innerHandler","","  if(opts.cwd) {","    args.push('--cwd', opts.cwd)","  }","","  if(opts.live) {","    args.push('--live')","  }","","  if(typeof opts.bundler === 'string') {","    args.push('--bundler', opts.bundler)","  }","","  if(opts.index) {","    args.push('--index', opts.index)","  }","","  if('watchify' in opts && !opts.watchify) {","    args.push('--no-watchify')","  }","","  args.push('--')","  args = args.concat(opts.bundlerFlags)","","  parseArgs(args, opts.cwd, function(err, genOpts) {","    if(err) {","      if(ready) {","        return ready(err)","      }","","      throw err","    }","","    switch(opts.bundler && typeof opts.bundler) {","      case 'function':","        genOpts.handler.bundler.command = opts.bundler","        break","      case 'object':","        genOpts.handler.bundler = opts.bundler","        break","    }","","    genOpts.handler.entries = fixupEntries(opts.entries)","    genOpts.handler.log = opts.quiet ? false : genOpts.handler.log","    innerHandler = createHandler(genOpts.handler, io, opts.unhandled)","  })","","  return handler","","  function handler(req, resp) {","    if(!innerHandler) {","      return setTimeout(handler, 0, req, resp)","    }","","    innerHandler(req, resp)","  }","","  function fixupEntries(entries) {","    return Array.isArray(entries) ? entries.reduce(toObject, {}) : entries","","    function toObject(obj, entry) {","      entry = path.resolve(opts.cwd, entry)","","      obj[entry","        .replace(opts.cwd, '/')","        .replace('\\\\', '/')","        .replace(/\\/+/g, '/')] = entry","","      return obj","    }","  }","}",""],"l":{"1":1,"6":1,"8":1,"10":1,"11":0,"13":0,"18":0,"19":0,"20":0,"21":0,"22":0,"23":0,"24":0,"26":0,"29":0,"30":0,"33":0,"34":0,"37":0,"38":0,"41":0,"42":0,"45":0,"46":0,"49":0,"50":0,"52":0,"53":0,"54":0,"55":0,"58":0,"61":0,"63":0,"64":0,"66":0,"67":0,"70":0,"71":0,"72":0,"75":0,"77":1,"78":0,"79":0,"82":0,"85":1,"86":0,"88":1,"89":0,"91":0,"96":0}},"/home/travis/build/npmtest/node-npmtest-beefy/node_modules/beefy/lib/bundlers/watchify.js":{"path":"/home/travis/build/npmtest/node-npmtest-beefy/node_modules/beefy/lib/bundlers/watchify.js","s":{"1":1,"2":1,"3":1,"4":0,"5":0,"6":1,"7":0,"8":0,"9":0,"10":0,"11":0,"12":0,"13":0,"14":0,"15":0,"16":0,"17":0,"18":1,"19":0,"20":1,"21":0,"22":0,"23":0,"24":0,"25":0,"26":0,"27":0,"28":0,"29":1,"30":0,"31":0,"32":0,"33":0,"34":1,"35":0,"36":0,"37":1,"38":0,"39":0,"40":0,"41":1,"42":0,"43":0,"44":0,"45":0,"46":0,"47":0,"48":0,"49":0,"50":0,"51":0,"52":0,"53":0,"54":0},"b":{"1":[0,0],"2":[0,0],"3":[0,0],"4":[0,0],"5":[0,0],"6":[0,0],"7":[0,0]},"f":{"1":0,"2":0,"3":0,"4":0,"5":0,"6":0,"7":0,"8":0,"9":0,"10":0,"11":0,"12":0,"13":0,"14":0,"15":0},"fnMap":{"1":{"name":"setupWatchify","line":8,"loc":{"start":{"line":8,"column":0},"end":{"line":8,"column":55}}},"2":{"name":"onmodule","line":13,"loc":{"start":{"line":13,"column":2},"end":{"line":13,"column":43}}},"3":{"name":"(anonymous_3)","line":34,"loc":{"start":{"line":34,"column":23},"end":{"line":34,"column":34}}},"4":{"name":"handlePath","line":44,"loc":{"start":{"line":44,"column":4},"end":{"line":44,"column":35}}},"5":{"name":"buildWatchify","line":48,"loc":{"start":{"line":48,"column":4},"end":{"line":48,"column":34}}},"6":{"name":"(anonymous_6)","line":56,"loc":{"start":{"line":56,"column":24},"end":{"line":56,"column":35}}},"7":{"name":"onrequest","line":64,"loc":{"start":{"line":64,"column":6},"end":{"line":64,"column":27}}},"8":{"name":"fulfillRequest","line":76,"loc":{"start":{"line":76,"column":6},"end":{"line":76,"column":34}}},"9":{"name":"(anonymous_9)","line":77,"loc":{"start":{"line":77,"column":25},"end":{"line":77,"column":36}}},"10":{"name":"onerror","line":84,"loc":{"start":{"line":84,"column":6},"end":{"line":84,"column":28}}},"11":{"name":"onupdate","line":93,"loc":{"start":{"line":93,"column":6},"end":{"line":93,"column":26}}},"12":{"name":"(anonymous_12)","line":97,"loc":{"start":{"line":97,"column":26},"end":{"line":97,"column":40}}},"13":{"name":"(anonymous_13)","line":101,"loc":{"start":{"line":101,"column":34},"end":{"line":101,"column":52}}},"14":{"name":"(anonymous_14)","line":107,"loc":{"start":{"line":107,"column":26},"end":{"line":107,"column":41}}},"15":{"name":"(anonymous_15)","line":111,"loc":{"start":{"line":111,"column":34},"end":{"line":111,"column":52}}}},"statementMap":{"1":{"start":{"line":1,"column":0},"end":{"line":1,"column":30}},"2":{"start":{"line":3,"column":0},"end":{"line":6,"column":32}},"3":{"start":{"line":8,"column":0},"end":{"line":119,"column":1}},"4":{"start":{"line":9,"column":2},"end":{"line":9,"column":29}},"5":{"start":{"line":11,"column":2},"end":{"line":11,"column":61}},"6":{"start":{"line":13,"column":2},"end":{"line":118,"column":3}},"7":{"start":{"line":14,"column":4},"end":{"line":16,"column":5}},"8":{"start":{"line":15,"column":6},"end":{"line":15,"column":23}},"9":{"start":{"line":18,"column":4},"end":{"line":22,"column":14}},"10":{"start":{"line":24,"column":4},"end":{"line":26,"column":5}},"11":{"start":{"line":25,"column":6},"end":{"line":25,"column":68}},"12":{"start":{"line":28,"column":4},"end":{"line":28,"column":28}},"13":{"start":{"line":34,"column":4},"end":{"line":40,"column":5}},"14":{"start":{"line":35,"column":6},"end":{"line":35,"column":19}},"15":{"start":{"line":37,"column":6},"end":{"line":39,"column":7}},"16":{"start":{"line":38,"column":8},"end":{"line":38,"column":44}},"17":{"start":{"line":42,"column":4},"end":{"line":42,"column":34}},"18":{"start":{"line":44,"column":4},"end":{"line":46,"column":5}},"19":{"start":{"line":45,"column":6},"end":{"line":45,"column":36}},"20":{"start":{"line":48,"column":4},"end":{"line":117,"column":5}},"21":{"start":{"line":49,"column":6},"end":{"line":50,"column":22}},"22":{"start":{"line":52,"column":6},"end":{"line":52,"column":36}},"23":{"start":{"line":53,"column":6},"end":{"line":53,"column":34}},"24":{"start":{"line":54,"column":6},"end":{"line":54,"column":16}},"25":{"start":{"line":56,"column":6},"end":{"line":60,"column":7}},"26":{"start":{"line":57,"column":8},"end":{"line":59,"column":9}},"27":{"start":{"line":58,"column":10},"end":{"line":58,"column":32}},"28":{"start":{"line":62,"column":6},"end":{"line":62,"column":22}},"29":{"start":{"line":64,"column":6},"end":{"line":74,"column":7}},"30":{"start":{"line":65,"column":8},"end":{"line":67,"column":14}},"31":{"start":{"line":69,"column":8},"end":{"line":69,"column":45}},"32":{"start":{"line":71,"column":8},"end":{"line":71,"column":26}},"33":{"start":{"line":73,"column":8},"end":{"line":73,"column":17}},"34":{"start":{"line":76,"column":6},"end":{"line":82,"column":7}},"35":{"start":{"line":77,"column":8},"end":{"line":81,"column":10}},"36":{"start":{"line":78,"column":10},"end":{"line":80,"column":53}},"37":{"start":{"line":84,"column":6},"end":{"line":91,"column":7}},"38":{"start":{"line":85,"column":8},"end":{"line":85,"column":50}},"39":{"start":{"line":87,"column":8},"end":{"line":90,"column":9}},"40":{"start":{"line":88,"column":10},"end":{"line":89,"column":20}},"41":{"start":{"line":93,"column":6},"end":{"line":116,"column":7}},"42":{"start":{"line":94,"column":8},"end":{"line":95,"column":18}},"43":{"start":{"line":97,"column":8},"end":{"line":105,"column":10}},"44":{"start":{"line":98,"column":10},"end":{"line":98,"column":50}},"45":{"start":{"line":99,"column":10},"end":{"line":99,"column":31}},"46":{"start":{"line":101,"column":10},"end":{"line":103,"column":12}},"47":{"start":{"line":102,"column":12},"end":{"line":102,"column":21}},"48":{"start":{"line":104,"column":10},"end":{"line":104,"column":28}},"49":{"start":{"line":107,"column":8},"end":{"line":115,"column":11}},"50":{"start":{"line":108,"column":10},"end":{"line":108,"column":31}},"51":{"start":{"line":109,"column":10},"end":{"line":109,"column":31}},"52":{"start":{"line":111,"column":10},"end":{"line":113,"column":12}},"53":{"start":{"line":112,"column":12},"end":{"line":112,"column":21}},"54":{"start":{"line":114,"column":10},"end":{"line":114,"column":28}}},"branchMap":{"1":{"line":14,"type":"if","locations":[{"start":{"line":14,"column":4},"end":{"line":14,"column":4}},{"start":{"line":14,"column":4},"end":{"line":14,"column":4}}]},"2":{"line":57,"type":"if","locations":[{"start":{"line":57,"column":8},"end":{"line":57,"column":8}},{"start":{"line":57,"column":8},"end":{"line":57,"column":8}}]},"3":{"line":78,"type":"cond-expr","locations":[{"start":{"line":78,"column":28},"end":{"line":78,"column":74}},{"start":{"line":79,"column":10},"end":{"line":80,"column":53}}]},"4":{"line":79,"type":"cond-expr","locations":[{"start":{"line":79,"column":28},"end":{"line":79,"column":74}},{"start":{"line":80,"column":10},"end":{"line":80,"column":53}}]},"5":{"line":87,"type":"if","locations":[{"start":{"line":87,"column":8},"end":{"line":87,"column":8}},{"start":{"line":87,"column":8},"end":{"line":87,"column":8}}]},"6":{"line":88,"type":"binary-expr","locations":[{"start":{"line":88,"column":36},"end":{"line":88,"column":57}},{"start":{"line":88,"column":61},"end":{"line":88,"column":64}}]},"7":{"line":98,"type":"binary-expr","locations":[{"start":{"line":98,"column":27},"end":{"line":98,"column":36}},{"start":{"line":98,"column":41},"end":{"line":98,"column":49}}]}},"code":["module.exports = setupWatchify","","var concat = require('concat-stream')","  , minimist = require('minimist')","  , resolve = require('resolve')","  , through = require('through')","","function setupWatchify(dir, entryPoints, flags, ready) {","  var watchify = require(dir)","","  resolve('browserify/bin/args.js', {basedir: dir}, onmodule)","","  function onmodule(err, browserifyModule) {","    if(err) {","      return ready(err)","    }","","    var parseArgs = require(browserifyModule)","      , watchifies = {}","      , lastOut = {}","      , lastErr = {}","      , closed","","    for(var key in entryPoints) {","      watchifies[entryPoints[key]] = buildWatchify(entryPoints[key])","    }","","    handlePath.bundler = dir","","    // NB: this is a backdoor way of preventing retries","    // in the tests. eventually all bundlers should grow","    // a `.close()` that allows end users to `.close` a","    // beefy server.","    handlePath.close = function() {","      closed = true","","      for(var key in entryPoints) {","        watchifies[entryPoints[key]].close()","      }","    }","","    return ready(null, handlePath)","","    function handlePath(entryPath) {","      return watchifies[entryPath]()","    }","","    function buildWatchify(entry) {","      var watcher = watchify(parseArgs([entry].concat(flags)))","        , waiting = []","","      watcher.on('update', onupdate)","      watcher.on('error', onerror)","      onupdate()","","      onrequest.close = function() {","        if(watcher.close) {","          return watcher.close()","        }","      }","","      return onrequest","","      function onrequest() {","        var stdout = through()","          , stderr = through()","          , io","","        io = {stderr: stderr, stdout: stdout}","","        fulfillRequest(io)","","        return io","      }","","      function fulfillRequest(io) {","        process.nextTick(function() {","          lastOut[entry] ? (io.stdout.end(lastOut[entry]), io.stderr.end()) :","          lastErr[entry] ? (io.stderr.end(lastErr[entry]), io.stdout.end()) :","          waiting.push(fulfillRequest.bind(null, io))","        })","      }","","      function onerror(err) {","        watcher.removeListener('update', onupdate)","","        if(!closed) {","          setTimeout(buildWatchify, minimist(flags).delay || 600, entry)","            .unref()","        }","      }","","      function onupdate() {","        var build = watcher.bundle()","          , caught","","        build.on('error', function(err) {","          lastErr[entry] = err.stack || (err + '')","          lastOut[entry] = null","","          waiting.slice().forEach(function(fulfill) {","            fulfill()","          })","          waiting.length = 0","        })","","        build.pipe(concat(function(data) {","          lastErr[entry] = null","          lastOut[entry] = data","","          waiting.slice().forEach(function(fulfill) {","            fulfill()","          })","          waiting.length = 0","        }))","      }","    }","  }","}",""],"l":{"1":1,"3":1,"8":1,"9":0,"11":0,"13":1,"14":0,"15":0,"18":0,"24":0,"25":0,"28":0,"34":0,"35":0,"37":0,"38":0,"42":0,"44":1,"45":0,"48":1,"49":0,"52":0,"53":0,"54":0,"56":0,"57":0,"58":0,"62":0,"64":1,"65":0,"69":0,"71":0,"73":0,"76":1,"77":0,"78":0,"84":1,"85":0,"87":0,"88":0,"93":1,"94":0,"97":0,"98":0,"99":0,"101":0,"102":0,"104":0,"107":0,"108":0,"109":0,"111":0,"112":0,"114":0}},"/home/travis/build/npmtest/node-npmtest-beefy/node_modules/beefy/lib/create-handler.js":{"path":"/home/travis/build/npmtest/node-npmtest-beefy/node_modules/beefy/lib/create-handler.js","s":{"1":1,"2":1,"3":1,"4":1,"5":0,"6":0,"7":0,"8":0,"9":0,"10":0,"11":1,"12":0,"13":0,"14":1,"15":0,"16":0},"b":{"1":[0,0]},"f":{"1":0,"2":0,"3":0,"4":0},"fnMap":{"1":{"name":"createServer","line":14,"loc":{"start":{"line":14,"column":0},"end":{"line":14,"column":46}}},"2":{"name":"(anonymous_2)","line":33,"loc":{"start":{"line":33,"column":26},"end":{"line":33,"column":45}}},"3":{"name":"beefyMainHandler","line":39,"loc":{"start":{"line":39,"column":2},"end":{"line":39,"column":39}}},"4":{"name":"_404","line":45,"loc":{"start":{"line":45,"column":2},"end":{"line":45,"column":43}}}},"statementMap":{"1":{"start":{"line":1,"column":0},"end":{"line":1,"column":29}},"2":{"start":{"line":3,"column":0},"end":{"line":5,"column":24}},"3":{"start":{"line":7,"column":0},"end":{"line":12,"column":46}},"4":{"start":{"line":14,"column":0},"end":{"line":49,"column":1}},"5":{"start":{"line":15,"column":2},"end":{"line":17,"column":11}},"6":{"start":{"line":22,"column":2},"end":{"line":29,"column":3}},"7":{"start":{"line":31,"column":2},"end":{"line":31,"column":32}},"8":{"start":{"line":33,"column":2},"end":{"line":35,"column":13}},"9":{"start":{"line":34,"column":4},"end":{"line":34,"column":29}},"10":{"start":{"line":37,"column":2},"end":{"line":37,"column":25}},"11":{"start":{"line":39,"column":2},"end":{"line":43,"column":3}},"12":{"start":{"line":40,"column":4},"end":{"line":40,"column":41}},"13":{"start":{"line":42,"column":4},"end":{"line":42,"column":41}},"14":{"start":{"line":45,"column":2},"end":{"line":48,"column":3}},"15":{"start":{"line":46,"column":4},"end":{"line":46,"column":55}},"16":{"start":{"line":47,"column":4},"end":{"line":47,"column":28}}},"branchMap":{"1":{"line":31,"type":"binary-expr","locations":[{"start":{"line":31,"column":12},"end":{"line":31,"column":24}},{"start":{"line":31,"column":28},"end":{"line":31,"column":32}}]}},"code":["module.exports = createServer","","var xtend = require('xtend')","  , http = require('http')","  , url = require('url')","","var legacyBundle = require('./handlers/legacy-bundle.js')","  , defaultIndex = require('./handlers/default-index.js')","  , liveReload = require('./handlers/live-reload.js')","  , modernBundle = require('./handlers/bundle.js')","  , serveStatic = require('./handlers/static.js')","  , logRequests = require('./handlers/log.js')","","function createServer(opts, io, innerHandler) {","  var handlers","    , handler","    , inner","","  // order is important here. the higher","  // in the list, the deeper the handler","  // is in the resolution order.","  handlers = [","      defaultIndex","    , serveStatic","    , legacyBundle","    , modernBundle","    , logRequests","    , liveReload","  ]","","  handler = innerHandler || _404","","  inner = handlers.reduce(function(lhs, rhs) {","    return rhs(opts, io, lhs)","  }, handler)","","  return beefyMainHandler","","  function beefyMainHandler(req, resp) {","    var parsed = url.parse(req.url, true)","","    return inner(this, req, resp, parsed)","  }","","  function _404(server, req, resp, parsed) {","    resp.writeHead(404, {'content-type': 'text/plain'})","    resp.end('not found ):')","  }","}",""],"l":{"1":1,"3":1,"7":1,"14":1,"15":0,"22":0,"31":0,"33":0,"34":0,"37":0,"39":1,"40":0,"42":0,"45":1,"46":0,"47":0}},"/home/travis/build/npmtest/node-npmtest-beefy/node_modules/beefy/lib/handlers/legacy-bundle.js":{"path":"/home/travis/build/npmtest/node-npmtest-beefy/node_modules/beefy/lib/handlers/legacy-bundle.js","s":{"1":1,"2":1,"3":1,"4":0,"5":0,"6":0,"7":0,"8":0,"9":0,"10":0,"11":1,"12":0,"13":0,"14":0,"15":0,"16":0,"17":0,"18":0,"19":0,"20":0,"21":0,"22":0,"23":0,"24":1,"25":0},"b":{"1":[0,0],"2":[0,0],"3":[0,0],"4":[0,0],"5":[0,0],"6":[0,0],"7":[0,0]},"f":{"1":0,"2":0,"3":0},"fnMap":{"1":{"name":"handleEntryPoints","line":16,"loc":{"start":{"line":16,"column":0},"end":{"line":16,"column":50}}},"2":{"name":"handle","line":32,"loc":{"start":{"line":32,"column":2},"end":{"line":32,"column":45}}},"3":{"name":"toLocal","line":58,"loc":{"start":{"line":58,"column":2},"end":{"line":58,"column":25}}}},"statementMap":{"1":{"start":{"line":1,"column":0},"end":{"line":1,"column":34}},"2":{"start":{"line":3,"column":0},"end":{"line":5,"column":38}},"3":{"start":{"line":16,"column":0},"end":{"line":61,"column":1}},"4":{"start":{"line":17,"column":2},"end":{"line":18,"column":17}},"5":{"start":{"line":20,"column":2},"end":{"line":20,"column":28}},"6":{"start":{"line":22,"column":2},"end":{"line":24,"column":3}},"7":{"start":{"line":23,"column":4},"end":{"line":23,"column":22}},"8":{"start":{"line":26,"column":2},"end":{"line":28,"column":3}},"9":{"start":{"line":27,"column":4},"end":{"line":27,"column":22}},"10":{"start":{"line":30,"column":2},"end":{"line":30,"column":15}},"11":{"start":{"line":32,"column":2},"end":{"line":56,"column":3}},"12":{"start":{"line":33,"column":4},"end":{"line":35,"column":5}},"13":{"start":{"line":34,"column":6},"end":{"line":34,"column":51}},"14":{"start":{"line":37,"column":4},"end":{"line":40,"column":14}},"15":{"start":{"line":42,"column":4},"end":{"line":44,"column":5}},"16":{"start":{"line":43,"column":6},"end":{"line":43,"column":29}},"17":{"start":{"line":46,"column":4},"end":{"line":46,"column":37}},"18":{"start":{"line":47,"column":4},"end":{"line":49,"column":5}},"19":{"start":{"line":50,"column":4},"end":{"line":50,"column":16}},"20":{"start":{"line":52,"column":4},"end":{"line":52,"column":46}},"21":{"start":{"line":53,"column":4},"end":{"line":53,"column":51}},"22":{"start":{"line":54,"column":4},"end":{"line":54,"column":53}},"23":{"start":{"line":55,"column":4},"end":{"line":55,"column":29}},"24":{"start":{"line":58,"column":2},"end":{"line":60,"column":3}},"25":{"start":{"line":59,"column":4},"end":{"line":59,"column":38}}},"branchMap":{"1":{"line":22,"type":"if","locations":[{"start":{"line":22,"column":2},"end":{"line":22,"column":2}},{"start":{"line":22,"column":2},"end":{"line":22,"column":2}}]},"2":{"line":22,"type":"binary-expr","locations":[{"start":{"line":22,"column":5},"end":{"line":22,"column":17}},{"start":{"line":22,"column":21},"end":{"line":22,"column":40}}]},"3":{"line":26,"type":"if","locations":[{"start":{"line":26,"column":2},"end":{"line":26,"column":2}},{"start":{"line":26,"column":2},"end":{"line":26,"column":2}}]},"4":{"line":26,"type":"binary-expr","locations":[{"start":{"line":26,"column":5},"end":{"line":26,"column":18}},{"start":{"line":26,"column":22},"end":{"line":26,"column":35}}]},"5":{"line":33,"type":"if","locations":[{"start":{"line":33,"column":4},"end":{"line":33,"column":4}},{"start":{"line":33,"column":4},"end":{"line":33,"column":4}}]},"6":{"line":33,"type":"binary-expr","locations":[{"start":{"line":33,"column":7},"end":{"line":33,"column":36}},{"start":{"line":33,"column":40},"end":{"line":33,"column":71}}]},"7":{"line":42,"type":"if","locations":[{"start":{"line":42,"column":4},"end":{"line":42,"column":4}},{"start":{"line":42,"column":4},"end":{"line":42,"column":4}}]}},"code":["module.exports = handleEntryPoints","","var accumError = require('../accumulate-error.js')","  , spawn = require('child_process').spawn","  , ansicolors = require('ansicolors')","","// opts = {","//     entries: {","//         <repr>: <path>","//     }","//   , bundler: {","//         flags: []","//       , command: \"\"","//     }","// }","function handleEntryPoints(opts, io, nextHandler) {","  var entries = opts.entries","    , bundlerOpts","","  bundlerOpts = opts.bundler","","  if(!bundlerOpts || !bundlerOpts.legacy) {","    return nextHandler","  }","","  if(!opts.entries || !opts.bundler) {","    return nextHandler","  }","","  return handle","","  function handle(server, req, resp, parsed) {","    if(!(parsed.pathname in entries) && !('browserify' in parsed.query)) {","      return nextHandler(server, req, resp, parsed)","    }","","    var entryPath = entries[parsed.pathname]","      , args = bundlerOpts.flags.slice()","      , bundler","      , output","","    if(entryPath) {","      args.unshift(entryPath)","    }","","    args.unshift(bundlerOpts.command)","    parsed.loggedPathname = ansicolors.magenta(","        parsed.pathname + ' -> ' + args.map(toLocal).join(' ')","    )","    args.shift()","","    bundler = spawn(bundlerOpts.command, args)","    bundler.stderr.pipe(accumError(io.error, resp))","    resp.setHeader('content-type', 'text/javascript')","    bundler.stdout.pipe(resp)","  }","","  function toLocal(file) {","    return file.replace(opts.cwd, '.')","  }","}",""],"l":{"1":1,"3":1,"16":1,"17":0,"20":0,"22":0,"23":0,"26":0,"27":0,"30":0,"32":1,"33":0,"34":0,"37":0,"42":0,"43":0,"46":0,"47":0,"50":0,"52":0,"53":0,"54":0,"55":0,"58":1,"59":0}},"/home/travis/build/npmtest/node-npmtest-beefy/node_modules
[...]
  if(parsed.bundler) {","      legacyBundlerMode = true","","      return onbundler(null, parsed.bundler)","    }","","    setupBundler(","        cwd","      , entryPoints","      , bundlerFlags","      , !parsed.watchify","      , onbundler","    )","  }","","  function onbundler(err, bundler) {","    if(err) {","      return ready(err)","    }","","    parsed.bundler = bundler","","    return buildOutput()","  }","","  function buildOutput() {","    var openOptions = {","        openURL: (typeof parsed.url === 'string' && parsed.url) ||","                 ('http://127.0.0.1:' + parsed.port)","      , openBrowser: !!(parsed.open || parsed.url)","      , showHelp: !!parsed.help","      , port: parsed.port","    }","","    var hasColor = {","        color: parsed.color === undefined || parsed.color","    }","","    var handlerOptions = {","        live: parsed.live ? {rate: 2000} : false","      , generatedIndex: parsed.index","      , entries: entryPoints","      , log: hasColor","      , cwd: parsed.cwd","      , realCwd: cwd","    }","","    handlerOptions.bundler = {","        command: parsed.bundler","      , flags: bundlerFlags","      , legacy: legacyBundlerMode","    }","","    ready(null, {","        handler: handlerOptions","      , open: openOptions","    })","  }","}",""],"l":{"1":1,"3":1,"6":1,"10":1,"11":0,"14":0,"15":0,"16":0,"17":0,"18":0,"21":0,"22":0,"24":0,"28":0,"34":0,"35":0,"36":0,"37":0,"40":0,"41":0,"42":0,"43":0,"44":0,"45":0,"47":0,"48":0,"49":0,"53":0,"55":1,"56":0,"57":0,"59":0,"60":0,"62":0,"65":0,"74":1,"75":0,"76":0,"79":0,"81":0,"84":1,"85":0,"93":0,"97":0,"106":0,"112":0}},"/home/travis/build/npmtest/node-npmtest-beefy/node_modules/beefy/lib/normalize-entry-points.js":{"path":"/home/travis/build/npmtest/node-npmtest-beefy/node_modules/beefy/lib/normalize-entry-points.js","s":{"1":1,"2":1,"3":1,"4":0,"5":0,"6":0,"7":0,"8":1,"9":0,"10":0,"11":0,"12":0,"13":0,"14":0,"15":0,"16":0,"17":0,"18":1,"19":0,"20":1,"21":0,"22":1,"23":0,"24":0},"b":{"1":[0,0],"2":[0,0]},"f":{"1":0,"2":0,"3":0,"4":0,"5":0},"fnMap":{"1":{"name":"normalizeEntryPoints","line":6,"loc":{"start":{"line":6,"column":0},"end":{"line":6,"column":43}}},"2":{"name":"addEntryPoint","line":38,"loc":{"start":{"line":38,"column":0},"end":{"line":38,"column":43}}},"3":{"name":"normRepr","line":59,"loc":{"start":{"line":59,"column":0},"end":{"line":59,"column":24}}},"4":{"name":"normPath","line":63,"loc":{"start":{"line":63,"column":0},"end":{"line":63,"column":28}}},"5":{"name":"normSlashes","line":67,"loc":{"start":{"line":67,"column":0},"end":{"line":67,"column":30}}}},"statementMap":{"1":{"start":{"line":1,"column":0},"end":{"line":1,"column":37}},"2":{"start":{"line":3,"column":0},"end":{"line":4,"column":24}},"3":{"start":{"line":6,"column":0},"end":{"line":36,"column":1}},"4":{"start":{"line":29,"column":2},"end":{"line":29,"column":17}},"5":{"start":{"line":31,"column":2},"end":{"line":33,"column":3}},"6":{"start":{"line":32,"column":4},"end":{"line":32,"column":41}},"7":{"start":{"line":35,"column":2},"end":{"line":35,"column":15}},"8":{"start":{"line":38,"column":0},"end":{"line":57,"column":1}},"9":{"start":{"line":39,"column":2},"end":{"line":39,"column":40}},"10":{"start":{"line":41,"column":2},"end":{"line":54,"column":3}},"11":{"start":{"line":43,"column":4},"end":{"line":47,"column":5}},"12":{"start":{"line":44,"column":6},"end":{"line":44,"column":50}},"13":{"start":{"line":46,"column":6},"end":{"line":46,"column":12}},"14":{"start":{"line":50,"column":4},"end":{"line":50,"column":38}},"15":{"start":{"line":51,"column":4},"end":{"line":51,"column":61}},"16":{"start":{"line":53,"column":4},"end":{"line":53,"column":10}},"17":{"start":{"line":56,"column":2},"end":{"line":56,"column":66}},"18":{"start":{"line":59,"column":0},"end":{"line":61,"column":1}},"19":{"start":{"line":60,"column":2},"end":{"line":60,"column":45}},"20":{"start":{"line":63,"column":0},"end":{"line":65,"column":1}},"21":{"start":{"line":64,"column":2},"end":{"line":64,"column":31}},"22":{"start":{"line":67,"column":0},"end":{"line":71,"column":1}},"23":{"start":{"line":68,"column":2},"end":{"line":68,"column":42}},"24":{"start":{"line":70,"column":2},"end":{"line":70,"column":65}}},"branchMap":{"1":{"line":41,"type":"if","locations":[{"start":{"line":41,"column":2},"end":{"line":41,"column":2}},{"start":{"line":41,"column":2},"end":{"line":41,"column":2}}]},"2":{"line":43,"type":"if","locations":[{"start":{"line":43,"column":4},"end":{"line":43,"column":4}},{"start":{"line":43,"column":4},"end":{"line":43,"column":4}}]}},"code":["module.exports = normalizeEntryPoints","","var path = require('path')","  , url = require('url')","","function normalizeEntryPoints(entryPoints) {","  // entryPoint ::= file \":\" repr","  //              | \":\" repr","  //              | file","  //","  // file ::= relativePath","  //        | absolutePath","  //        | implicitRelativePath","  //","  // relativePath ::= \".\" path","  //","  // absolutePath ::= <path-sep> path","  //","  // implicitRelativePath ::= path","  //","  // path ::= [^\\s]+","  //","  // repr ::= [^\\s]+","  // -------------------------","  // output is `{repr: path, ...}`.","  // repr's *always* use `/`.","  // path's *may* use `\\`.","","  var output = {}","","  for(var i = 0, len = entryPoints.length; i < len; ++i) {","    addEntryPoint(output, entryPoints[i])","  }","","  return output","}","","function addEntryPoint(output, entryPoint) {","  var colonIdx = entryPoint.indexOf(':')","","  if(colonIdx !== -1) {","    // `repr: null` from \":repr\"","    if(colonIdx === 0) {","      output[normRepr(entryPoint.slice(1))] = null","","      return","    }","","    // `repr: path` from \"path:repr\"","    entryPoint = entryPoint.split(':')","    output[normRepr(entryPoint[1])] = normPath(entryPoint[0])","","    return","  }","","  output[normSlashes(normRepr(entryPoint))] = normPath(entryPoint)","}","","function normRepr(repr) {","  return '/' + repr.split(path.sep).join('/')","}","","function normPath(filepath) {","  return path.resolve(filepath)","}","","function normSlashes(urlPath) {","  urlPath = urlPath.replace(/\\/\\/+/g, '/')","","  return url.parse(url.resolve('http://localhost', urlPath)).path","}",""],"l":{"1":1,"3":1,"6":1,"29":0,"31":0,"32":0,"35":0,"38":1,"39":0,"41":0,"43":0,"44":0,"46":0,"50":0,"51":0,"53":0,"56":0,"59":1,"60":0,"63":1,"64":0,"67":1,"68":0,"70":0}},"/home/travis/build/npmtest/node-npmtest-beefy/node_modules/beefy/lib/setup-bundlers.js":{"path":"/home/travis/build/npmtest/node-npmtest-beefy/node_modules/beefy/lib/setup-bundlers.js","s":{"1":1,"2":1,"3":1,"4":1,"5":0,"6":1,"7":0,"8":0,"9":0,"10":1,"11":0,"12":0,"13":0,"14":1,"15":0,"16":0,"17":0,"18":0,"19":0,"20":0,"21":0,"22":0,"23":0},"b":{"1":[0,0],"2":[0,0],"3":[0,0],"4":[0,0],"5":[0,0],"6":[0,0],"7":[0,0],"8":[0,0],"9":[0,0]},"f":{"1":0,"2":0,"3":0,"4":0},"fnMap":{"1":{"name":"setupBundler","line":12,"loc":{"start":{"line":12,"column":0},"end":{"line":12,"column":66}}},"2":{"name":"onlocalwatchify","line":17,"loc":{"start":{"line":17,"column":2},"end":{"line":17,"column":42}}},"3":{"name":"onlocalbrowserify","line":25,"loc":{"start":{"line":25,"column":2},"end":{"line":25,"column":44}}},"4":{"name":"onglobals","line":33,"loc":{"start":{"line":33,"column":2},"end":{"line":33,"column":32}}}},"statementMap":{"1":{"start":{"line":1,"column":0},"end":{"line":1,"column":29}},"2":{"start":{"line":3,"column":0},"end":{"line":5,"column":26}},"3":{"start":{"line":7,"column":0},"end":{"line":8,"column":53}},"4":{"start":{"line":12,"column":0},"end":{"line":52,"column":1}},"5":{"start":{"line":13,"column":2},"end":{"line":15,"column":56}},"6":{"start":{"line":17,"column":2},"end":{"line":23,"column":3}},"7":{"start":{"line":18,"column":4},"end":{"line":20,"column":5}},"8":{"start":{"line":19,"column":6},"end":{"line":19,"column":69}},"9":{"start":{"line":22,"column":4},"end":{"line":22,"column":68}},"10":{"start":{"line":25,"column":2},"end":{"line":31,"column":3}},"11":{"start":{"line":26,"column":4},"end":{"line":28,"column":5}},"12":{"start":{"line":27,"column":6},"end":{"line":27,"column":35}},"13":{"start":{"line":30,"column":4},"end":{"line":30,"column":70}},"14":{"start":{"line":33,"column":2},"end":{"line":51,"column":3}},"15":{"start":{"line":34,"column":4},"end":{"line":36,"column":5}},"16":{"start":{"line":35,"column":6},"end":{"line":35,"column":23}},"17":{"start":{"line":38,"column":4},"end":{"line":38,"column":22}},"18":{"start":{"line":40,"column":4},"end":{"line":48,"column":5}},"19":{"start":{"line":41,"column":6},"end":{"line":43,"column":7}},"20":{"start":{"line":42,"column":8},"end":{"line":42,"column":64}},"21":{"start":{"line":45,"column":6},"end":{"line":47,"column":7}},"22":{"start":{"line":46,"column":8},"end":{"line":46,"column":66}},"23":{"start":{"line":50,"column":4},"end":{"line":50,"column":65}}},"branchMap":{"1":{"line":13,"type":"cond-expr","locations":[{"start":{"line":14,"column":4},"end":{"line":14,"column":21}},{"start":{"line":15,"column":4},"end":{"line":15,"column":56}}]},"2":{"line":18,"type":"if","locations":[{"start":{"line":18,"column":4},"end":{"line":18,"column":4}},{"start":{"line":18,"column":4},"end":{"line":18,"column":4}}]},"3":{"line":18,"type":"binary-expr","locations":[{"start":{"line":18,"column":7},"end":{"line":18,"column":10}},{"start":{"line":18,"column":14},"end":{"line":18,"column":23}}]},"4":{"line":26,"type":"if","locations":[{"start":{"line":26,"column":4},"end":{"line":26,"column":4}},{"start":{"line":26,"column":4},"end":{"line":26,"column":4}}]},"5":{"line":26,"type":"binary-expr","locations":[{"start":{"line":26,"column":7},"end":{"line":26,"column":10}},{"start":{"line":26,"column":14},"end":{"line":26,"column":23}}]},"6":{"line":34,"type":"if","locations":[{"start":{"line":34,"column":4},"end":{"line":34,"column":4}},{"start":{"line":34,"column":4},"end":{"line":34,"column":4}}]},"7":{"line":41,"type":"if","locations":[{"start":{"line":41,"column":6},"end":{"line":41,"column":6}},{"start":{"line":41,"column":6},"end":{"line":41,"column":6}}]},"8":{"line":41,"type":"binary-expr","locations":[{"start":{"line":41,"column":9},"end":{"line":41,"column":20}},{"start":{"line":41,"column":24},"end":{"line":41,"column":61}}]},"9":{"line":45,"type":"if","locations":[{"start":{"line":45,"column":6},"end":{"line":45,"column":6}},{"start":{"line":45,"column":6},"end":{"line":45,"column":6}}]}},"code":["module.exports = setupBundler","","var findGlobals = require('find-global-packages')","  , resolve = require('resolve')","  , path = require('path')","","var setupBrowserify = require('./bundlers/browserify.js')","  , setupWatchify = require('./bundlers/watchify.js')","","// local watchify, local browserify ->","// global watchify, global browserify","function setupBundler(cwd, entryPoints, flags, noWatchify, ready) {","  noWatchify ?","    onlocalwatchify() :","    resolve('watchify', {basedir: cwd}, onlocalwatchify)","","  function onlocalwatchify(err, localDir) {","    if(err || !localDir) {","      return resolve('browserify', {basedir: cwd}, onlocalbrowserify)","    }","","    setupWatchify(path.dirname(localDir), entryPoints, flags, ready)","  }","","  function onlocalbrowserify(err, localDir) {","    if(err || !localDir) {","      return findGlobals(onglobals)","    }","","    setupBrowserify(path.dirname(localDir), entryPoints, flags, ready)","  }","","  function onglobals(err, dirs) {","    if(err) {","      return ready(err)","    }","","    dirs = dirs.sort()","","    for(var i = 0, len = dirs.length; i < len; ++i) {","      if(!noWatchify && path.basename(dirs[i]) === 'watchify') {","        return setupWatchify(dirs[i], entryPoints, flags, ready)","      }","","      if(path.basename(dirs[i]) === 'browserify') {","        return setupBrowserify(dirs[i], entryPoints, flags, ready)","      }","    }","","    return ready(new Error('Could not find a suitable bundler!'))","  }","}",""],"l":{"1":1,"3":1,"7":1,"12":1,"13":0,"17":1,"18":0,"19":0,"22":0,"25":1,"26":0,"27":0,"30":0,"33":1,"34":0,"35":0,"38":0,"40":0,"41":0,"42":0,"45":0,"46":0,"50":0}},"/home/travis/build/npmtest/node-npmtest-beefy/node_modules/beefy/lib/bundlers/browserify.js":{"path":"/home/travis/build/npmtest/node-npmtest-beefy/node_modules/beefy/lib/bundlers/browserify.js","s":{"1":1,"2":1,"3":1,"4":0,"5":0,"6":0,"7":1,"8":0,"9":0,"10":0,"11":0,"12":0},"b":{},"f":{"1":0,"2":0,"3":0},"fnMap":{"1":{"name":"setupBrowserify","line":5,"loc":{"start":{"line":5,"column":0},"end":{"line":5,"column":57}}},"2":{"name":"instantiate","line":12,"loc":{"start":{"line":12,"column":2},"end":{"line":12,"column":34}}},"3":{"name":"(anonymous_3)","line":19,"loc":{"start":{"line":19,"column":32},"end":{"line":19,"column":46}}}},"statementMap":{"1":{"start":{"line":1,"column":0},"end":{"line":1,"column":32}},"2":{"start":{"line":3,"column":0},"end":{"line":3,"column":32}},"3":{"start":{"line":5,"column":0},"end":{"line":25,"column":1}},"4":{"start":{"line":6,"column":2},"end":{"line":6,"column":47}},"5":{"start":{"line":8,"column":2},"end":{"line":8,"column":27}},"6":{"start":{"line":10,"column":2},"end":{"line":10,"column":33}},"7":{"start":{"line":12,"column":2},"end":{"line":24,"column":3}},"8":{"start":{"line":13,"column":4},"end":{"line":15,"column":14}},"9":{"start":{"line":17,"column":4},"end":{"line":17,"column":49}},"10":{"start":{"line":19,"column":4},"end":{"line":21,"column":19}},"11":{"start":{"line":20,"column":6},"end":{"line":20,"column":32}},"12":{"start":{"line":23,"column":4},"end":{"line":23,"column":43}}},"branchMap":{},"code":["module.exports = setupBrowserify","","var through = require('through')","","function setupBrowserify(dir, entryPoints, flags, ready) {","  var parseArgs = require(dir + '/bin/args.js')","","  instantiate.bundler = dir","","  return ready(null, instantiate)","","  function instantiate(entryPath) {","    var stdout = through()","      , stderr = through()","      , bundle","","    bundle = parseArgs([entryPath].concat(flags))","","    bundle.bundle().on('error', function(err) {","      stderr.end(err.stack + '')","    }).pipe(stdout)","","    return {stderr: stderr, stdout: stdout}","  }","}","",""],"l":{"1":1,"3":1,"5":1,"6":0,"8":0,"10":0,"12":1,"13":0,"17":0,"19":0,"20":0,"23":0}},"/home/travis/build/npmtest/node-npmtest-beefy/node_modules/beefy/lib/extract-port.js":{"path":"/home/travis/build/npmtest/node-npmtest-beefy/node_modules/beefy/lib/extract-port.js","s":{"1":1,"2":1,"3":1,"4":0,"5":0,"6":0,"7":0,"8":0,"9":0,"10":0,"11":0,"12":0,"13":0,"14":0,"15":0,"16":0},"b":{"1":[0,0],"2":[0,0],"3":[0,0],"4":[0,0]},"f":{"1":0,"2":0},"fnMap":{"1":{"name":"extractPort","line":5,"loc":{"start":{"line":5,"column":0},"end":{"line":5,"column":36}}},"2":{"name":"onport","line":22,"loc":{"start":{"line":22,"column":21},"end":{"line":22,"column":48}}}},"statementMap":{"1":{"start":{"line":1,"column":0},"end":{"line":1,"column":28}},"2":{"start":{"line":3,"column":0},"end":{"line":3,"column":38}},"3":{"start":{"line":5,"column":0},"end":{"line":29,"column":1}},"4":{"start":{"line":6,"column":2},"end":{"line":7,"column":10}},"5":{"start":{"line":9,"column":2},"end":{"line":9,"column":27}},"6":{"start":{"line":10,"column":2},"end":{"line":10,"column":20}},"7":{"start":{"line":12,"column":2},"end":{"line":15,"column":3}},"8":{"start":{"line":13,"column":4},"end":{"line":13,"column":37}},"9":{"start":{"line":14,"column":4},"end":{"line":14,"column":32}},"10":{"start":{"line":17,"column":2},"end":{"line":19,"column":3}},"11":{"start":{"line":18,"column":4},"end":{"line":18,"column":36}},"12":{"start":{"line":21,"column":2},"end":{"line":21,"column":28}},"13":{"start":{"line":22,"column":2},"end":{"line":28,"column":4}},"14":{"start":{"line":23,"column":4},"end":{"line":25,"column":5}},"15":{"start":{"line":24,"column":6},"end":{"line":24,"column":23}},"16":{"start":{"line":27,"column":4},"end":{"line":27,"column":36}}},"branchMap":{"1":{"line":12,"type":"if","locations":[{"start":{"line":12,"column":2},"end":{"line":12,"column":2}},{"start":{"line":12,"column":2},"end":{"line":12,"column":2}}]},"2":{"line":12,"type":"binary-expr","locations":[{"start":{"line":12,"column":5},"end":{"line":12,"column":39}},{"start":{"line":12,"column":43},"end":{"line":12,"column":55}}]},"3":{"line":17,"type":"if","locations":[{"start":{"line":17,"column":2},"end":{"line":17,"column":2}},{"start":{"line":17,"column":2},"end":{"line":17,"column":2}}]},"4":{"line":23,"type":"if","locations":[{"start":{"line":23,"column":4},"end":{"line":23,"column":4}},{"start":{"line":23,"column":4},"end":{"line":23,"column":4}}]}},"code":["module.exports = extractPort","","var portfinder = require('portfinder')","","function extractPort(parsed, ready) {","  var remain","    , port","","  remain = parsed._.slice()","  port = parsed.port","","  if(!isNaN(+remain[remain.length - 1]) && !parsed.port) {","    port = +remain[remain.length - 1]","    remain = remain.slice(0, -1)","  }","","  if(port) {","    return ready(null, port, remain)","  }","","  portfinder.basePort = 9966","  portfinder.getPort(function onport(err, port) {","    if(err) {","      return ready(err)","    }","","    return ready(null, port, remain)","  })","}",""],"l":{"1":1,"3":1,"5":1,"6":0,"9":0,"10":0,"12":0,"13":0,"14":0,"17":0,"18":0,"21":0,"22":0,"23":0,"24":0,"27":0}},"/home/travis/build/npmtest/node-npmtest-beefy/node_modules/beefy/lib/help.js":{"path":"/home/travis/build/npmtest/node-npmtest-beefy/node_modules/beefy/lib/help.js","s":{"1":1,"2":1,"3":0,"4":0},"b":{},"f":{"1":0},"fnMap":{"1":{"name":"help","line":3,"loc":{"start":{"line":3,"column":0},"end":{"line":3,"column":18}}}},"statementMap":{"1":{"start":{"line":1,"column":0},"end":{"line":1,"column":21}},"2":{"start":{"line":3,"column":0},"end":{"line":50,"column":1}},"3":{"start":{"line":47,"column":2},"end":{"line":47,"column":21}},"4":{"start":{"line":49,"column":2},"end":{"line":49,"column":63}}},"branchMap":{},"code":["module.exports = help","","function help(io) {","/*","beefy path/to/entry.js[:as.js] [PORT] -- [arguments to forward to bundler]","","  Spins up a development server on ``http://localhost:PORT`` for working","  with static files and browserifiable JavaScript modules.","","  If there's a path it doesn't recognize, it will serve up an empty HTML","  file with your javascript entry point included as a script tag.","  Otherwise you can provide your own ``index.html``.","","  All arguments after ``--`` are forwarded to the ``browserify-command``.","","  When the browser requests your entry point, it will run","  ``browserify-command`` with the forwarded arguments on the file and pipe","  the results into the response.","","  If no PORT is defined, it defaults to 9966.","","  If you specify your file in the form ``realfile.js:as-file.js``, any","  request to ``as-file.js`` will browserify ``realfile.js`` and return","  it as the output.","","  arguments:","","    --browserify command        The command to run to compile your","                                entry point. If not provided,","                                defaults to ``./node_modules/.bin/browserify``","                                and falls back to ``which browserify``","                                if that's not available.","","    --live                      Enable live reloading. Reloads the page","                                every time your JavaScript changes.","","    --cwd dir                   Serve files as if run from ``dir``.","","    --open                      Automatically discover an open port, and","                                open the resulting URL in your","                                default browser.","","    --index file                Use a different autogeneration template","                                for index.html.","*/","","  var str = help + ''","","  io.error(str.slice(str.indexOf('/*') + 3, str.indexOf('*/')))","}",""],"l":{"1":1,"3":1,"47":0,"49":0}}}